Already bound, ignoring bind()
optimizer already initialized, ignoring...
Epoch[0] Batch [50]	Speed: 1118.55 samples/sec	rmse=12.668389
Epoch[0] Batch [100]	Speed: 1183.71 samples/sec	rmse=11.869918
Epoch[0] Batch [150]	Speed: 1228.52 samples/sec	rmse=9.690823
Epoch[0] Batch [200]	Speed: 1169.51 samples/sec	rmse=6.823924
Epoch[0] Batch [250]	Speed: 1178.28 samples/sec	rmse=4.173837
Epoch[0] Batch [300]	Speed: 1195.85 samples/sec	rmse=2.767364
Epoch[0] Batch [350]	Speed: 1272.32 samples/sec	rmse=2.774267
Epoch[0] Batch [400]	Speed: 1311.59 samples/sec	rmse=2.808988
Epoch[0] Batch [450]	Speed: 1205.03 samples/sec	rmse=2.689477
Epoch[0] Batch [500]	Speed: 1224.01 samples/sec	rmse=2.417816
Epoch[0] Batch [550]	Speed: 1226.26 samples/sec	rmse=2.168394
Epoch[0] Train-rmse=2.916540
Epoch[0] Time cost=237.199
Epoch[0] Validation-rmse=2.566454
Epoch[1] Batch [50]	Speed: 1210.05 samples/sec	rmse=2.108948
Epoch[1] Batch [100]	Speed: 1281.91 samples/sec	rmse=2.041038
Epoch[1] Batch [150]	Speed: 1193.28 samples/sec	rmse=1.954819
Epoch[1] Batch [200]	Speed: 1310.98 samples/sec	rmse=1.923845
Epoch[1] Batch [250]	Speed: 1210.48 samples/sec	rmse=1.899817
Epoch[1] Batch [300]	Speed: 1308.78 samples/sec	rmse=1.807361
Epoch[1] Batch [350]	Speed: 1248.16 samples/sec	rmse=1.811676
Epoch[1] Batch [400]	Speed: 1242.37 samples/sec	rmse=1.843051
Epoch[1] Batch [450]	Speed: 1264.20 samples/sec	rmse=1.891731
Epoch[1] Batch [500]	Speed: 1288.36 samples/sec	rmse=1.874303
Epoch[1] Batch [550]	Speed: 1242.49 samples/sec	rmse=1.854928
Epoch[1] Train-rmse=1.833586
Epoch[1] Time cost=228.417
Epoch[1] Validation-rmse=1.735197
Epoch[2] Batch [50]	Speed: 1279.02 samples/sec	rmse=1.522581
Epoch[2] Batch [100]	Speed: 1283.71 samples/sec	rmse=1.713306
Epoch[2] Batch [150]	Speed: 1250.23 samples/sec	rmse=1.759799
Epoch[2] Batch [200]	Speed: 1255.52 samples/sec	rmse=1.773043
Epoch[2] Batch [250]	Speed: 1275.19 samples/sec	rmse=1.719498
Epoch[2] Batch [300]	Speed: 1236.21 samples/sec	rmse=1.735920
Epoch[2] Batch [350]	Speed: 1237.92 samples/sec	rmse=1.721870
Epoch[2] Batch [400]	Speed: 1176.42 samples/sec	rmse=1.727717
Epoch[2] Batch [450]	Speed: 1257.04 samples/sec	rmse=1.752233
Epoch[2] Batch [500]	Speed: 1250.42 samples/sec	rmse=1.729168
Epoch[2] Batch [550]	Speed: 1205.81 samples/sec	rmse=1.740263
Epoch[2] Train-rmse=1.764238
Epoch[2] Time cost=230.237
Epoch[2] Validation-rmse=1.669763
Epoch[3] Batch [50]	Speed: 1291.11 samples/sec	rmse=1.385026
Epoch[3] Batch [100]	Speed: 1244.56 samples/sec	rmse=1.538386
Epoch[3] Batch [150]	Speed: 1250.49 samples/sec	rmse=1.614155
Epoch[3] Batch [200]	Speed: 1224.00 samples/sec	rmse=1.649021
Epoch[3] Batch [250]	Speed: 1245.34 samples/sec	rmse=1.655172
Epoch[3] Batch [300]	Speed: 1277.18 samples/sec	rmse=1.647779
Epoch[3] Batch [350]	Speed: 1245.50 samples/sec	rmse=1.676467
Epoch[3] Batch [400]	Speed: 1303.69 samples/sec	rmse=1.669036
Epoch[3] Batch [450]	Speed: 1325.89 samples/sec	rmse=1.660274
Epoch[3] Batch [500]	Speed: 1341.32 samples/sec	rmse=1.660661
Epoch[3] Batch [550]	Speed: 1294.05 samples/sec	rmse=1.672710
Epoch[3] Train-rmse=1.670392
Epoch[3] Time cost=225.700
Epoch[3] Validation-rmse=1.646769
Epoch[4] Batch [50]	Speed: 1235.33 samples/sec	rmse=1.284231
Epoch[4] Batch [100]	Speed: 1218.72 samples/sec	rmse=1.397225
Epoch[4] Batch [150]	Speed: 1267.71 samples/sec	rmse=1.453900
Epoch[4] Batch [200]	Speed: 1354.88 samples/sec	rmse=1.514042
Epoch[4] Batch [250]	Speed: 1284.68 samples/sec	rmse=1.525171
Epoch[4] Batch [300]	Speed: 1282.38 samples/sec	rmse=1.538333
Epoch[4] Batch [350]	Speed: 1248.38 samples/sec	rmse=1.551593
Epoch[4] Batch [400]	Speed: 1230.12 samples/sec	rmse=1.567985
Epoch[4] Batch [450]	Speed: 1223.55 samples/sec	rmse=1.555729
Epoch[4] Batch [500]	Speed: 1235.47 samples/sec	rmse=1.605060
Epoch[4] Batch [550]	Speed: 1258.73 samples/sec	rmse=1.573161
Epoch[4] Train-rmse=1.603875
Epoch[4] Time cost=228.779
Epoch[4] Validation-rmse=1.656260
Epoch[5] Batch [50]	Speed: 1216.20 samples/sec	rmse=1.227831
Epoch[5] Batch [100]	Speed: 1239.10 samples/sec	rmse=1.285480
Epoch[5] Batch [150]	Speed: 1273.35 samples/sec	rmse=1.350798
Epoch[5] Batch [200]	Speed: 1286.81 samples/sec	rmse=1.378248
Epoch[5] Batch [250]	Speed: 1254.63 samples/sec	rmse=1.421675
Epoch[5] Batch [300]	Speed: 1256.96 samples/sec	rmse=1.442460
Epoch[5] Batch [350]	Speed: 1355.02 samples/sec	rmse=1.441845
Epoch[5] Batch [400]	Speed: 1191.51 samples/sec	rmse=1.454461
Epoch[5] Batch [450]	Speed: 1285.70 samples/sec	rmse=1.485428
Epoch[5] Batch [500]	Speed: 1247.60 samples/sec	rmse=1.519855
Epoch[5] Batch [550]	Speed: 1258.68 samples/sec	rmse=1.515688
Epoch[5] Train-rmse=1.465237
Epoch[5] Time cost=228.189
Epoch[5] Validation-rmse=1.651418
Epoch[6] Batch [50]	Speed: 1306.95 samples/sec	rmse=1.175693
Epoch[6] Batch [100]	Speed: 1247.68 samples/sec	rmse=1.234132
Epoch[6] Batch [150]	Speed: 1256.68 samples/sec	rmse=1.266229
Epoch[6] Batch [200]	Speed: 1232.05 samples/sec	rmse=1.281672
Epoch[6] Batch [250]	Speed: 1314.61 samples/sec	rmse=1.292059
Epoch[6] Batch [300]	Speed: 1189.82 samples/sec	rmse=1.342781
Epoch[6] Batch [350]	Speed: 1296.79 samples/sec	rmse=1.356243
Epoch[6] Batch [400]	Speed: 1266.30 samples/sec	rmse=1.374685
Epoch[6] Batch [450]	Speed: 1318.80 samples/sec	rmse=1.370758
Epoch[6] Batch [500]	Speed: 1331.93 samples/sec	rmse=1.377089
Epoch[6] Batch [550]	Speed: 1260.12 samples/sec	rmse=1.387327
Epoch[6] Train-rmse=1.411285
Epoch[6] Time cost=225.397
Epoch[6] Validation-rmse=1.623463
Epoch[7] Batch [50]	Speed: 1277.82 samples/sec	rmse=1.002541
Epoch[7] Batch [100]	Speed: 1233.00 samples/sec	rmse=1.071567
Epoch[7] Batch [150]	Speed: 1271.74 samples/sec	rmse=1.105561
Epoch[7] Batch [200]	Speed: 1180.22 samples/sec	rmse=1.131847
Epoch[7] Batch [250]	Speed: 1278.69 samples/sec	rmse=1.148521
Epoch[7] Batch [300]	Speed: 1316.87 samples/sec	rmse=1.188147
Epoch[7] Batch [350]	Speed: 1295.30 samples/sec	rmse=1.217758
Epoch[7] Batch [400]	Speed: 1251.11 samples/sec	rmse=1.209240
Epoch[7] Batch [450]	Speed: 1313.96 samples/sec	rmse=1.241395
Epoch[7] Batch [500]	Speed: 1298.86 samples/sec	rmse=1.245071
Epoch[7] Batch [550]	Speed: 1310.67 samples/sec	rmse=1.255144
Epoch[7] Train-rmse=1.291439
Epoch[7] Time cost=224.614
Epoch[7] Validation-rmse=1.622160
Epoch[8] Batch [50]	Speed: 1396.62 samples/sec	rmse=0.880479
Epoch[8] Batch [100]	Speed: 1392.90 samples/sec	rmse=0.933467
Epoch[8] Batch [150]	Speed: 1345.04 samples/sec	rmse=0.985340
Epoch[8] Batch [200]	Speed: 1358.08 samples/sec	rmse=1.019627
Epoch[8] Batch [250]	Speed: 1314.72 samples/sec	rmse=1.051504
Epoch[8] Batch [300]	Speed: 1296.35 samples/sec	rmse=1.047445
Epoch[8] Batch [350]	Speed: 1325.16 samples/sec	rmse=1.079955
Epoch[8] Batch [400]	Speed: 1250.13 samples/sec	rmse=1.081347
Epoch[8] Batch [450]	Speed: 1284.98 samples/sec	rmse=1.099473
Epoch[8] Batch [500]	Speed: 1211.77 samples/sec	rmse=1.123136
Epoch[8] Batch [550]	Speed: 1314.68 samples/sec	rmse=1.136894
Epoch[8] Train-rmse=1.136233
Epoch[8] Time cost=218.174
Epoch[8] Validation-rmse=1.549477
Epoch[9] Batch [50]	Speed: 1398.85 samples/sec	rmse=0.769714
Epoch[9] Batch [100]	Speed: 1434.03 samples/sec	rmse=0.831272
Epoch[9] Batch [150]	Speed: 1342.95 samples/sec	rmse=0.870929
Epoch[9] Batch [200]	Speed: 1352.92 samples/sec	rmse=0.898129
Epoch[9] Batch [250]	Speed: 1379.96 samples/sec	rmse=0.925529
Epoch[9] Batch [300]	Speed: 1395.48 samples/sec	rmse=0.936169
Epoch[9] Batch [350]	Speed: 1308.88 samples/sec	rmse=0.969310
Epoch[9] Batch [400]	Speed: 1374.20 samples/sec	rmse=0.970405
Epoch[9] Batch [450]	Speed: 1394.23 samples/sec	rmse=0.981844
Epoch[9] Batch [500]	Speed: 1322.91 samples/sec	rmse=0.995328
Epoch[9] Batch [550]	Speed: 1309.35 samples/sec	rmse=1.018825
Epoch[9] Train-rmse=1.017353
Epoch[9] Time cost=210.571
Epoch[9] Validation-rmse=1.449151
Epoch[10] Batch [50]	Speed: 1496.95 samples/sec	rmse=0.735819
Epoch[10] Batch [100]	Speed: 1417.65 samples/sec	rmse=0.769596
Epoch[10] Batch [150]	Speed: 1305.09 samples/sec	rmse=0.794848
Epoch[10] Batch [200]	Speed: 1438.59 samples/sec	rmse=0.820723
Epoch[10] Batch [250]	Speed: 1392.34 samples/sec	rmse=0.828656
Epoch[10] Batch [300]	Speed: 1373.79 samples/sec	rmse=0.843769
Epoch[10] Batch [350]	Speed: 1370.04 samples/sec	rmse=0.872982
Epoch[10] Batch [400]	Speed: 1370.75 samples/sec	rmse=0.875196
Epoch[10] Batch [450]	Speed: 1355.46 samples/sec	rmse=0.891508
Epoch[10] Batch [500]	Speed: 1324.39 samples/sec	rmse=0.911784
Epoch[10] Batch [550]	Speed: 1436.48 samples/sec	rmse=0.911161
Epoch[10] Train-rmse=0.912421
Epoch[10] Time cost=207.133
Epoch[10] Validation-rmse=1.296711
Epoch[11] Batch [50]	Speed: 1497.56 samples/sec	rmse=0.705946
Epoch[11] Batch [100]	Speed: 1549.58 samples/sec	rmse=0.720742
Epoch[11] Batch [150]	Speed: 1386.64 samples/sec	rmse=0.752541
Epoch[11] Batch [200]	Speed: 1383.64 samples/sec	rmse=0.756823
Epoch[11] Batch [250]	Speed: 1435.85 samples/sec	rmse=0.773163
Epoch[11] Batch [300]	Speed: 1346.37 samples/sec	rmse=0.785478
Epoch[11] Batch [350]	Speed: 1332.68 samples/sec	rmse=0.791881
Epoch[11] Batch [400]	Speed: 1401.06 samples/sec	rmse=0.806705
Epoch[11] Batch [450]	Speed: 1359.39 samples/sec	rmse=0.814857
Epoch[11] Batch [500]	Speed: 1348.96 samples/sec	rmse=0.823184
Epoch[11] Batch [550]	Speed: 1410.59 samples/sec	rmse=0.829310
Epoch[11] Train-rmse=0.828908
Epoch[11] Time cost=204.312
Epoch[11] Validation-rmse=1.102493
Epoch[12] Batch [50]	Speed: 1488.27 samples/sec	rmse=0.686829
Epoch[12] Batch [100]	Speed: 1519.93 samples/sec	rmse=0.699422
Epoch[12] Batch [150]	Speed: 1486.31 samples/sec	rmse=0.717044
Epoch[12] Batch [200]	Speed: 1519.97 samples/sec	rmse=0.733615
Epoch[12] Batch [250]	Speed: 1525.72 samples/sec	rmse=0.736552
Epoch[12] Batch [300]	Speed: 1440.84 samples/sec	rmse=0.741104
Epoch[12] Batch [350]	Speed: 1467.82 samples/sec	rmse=0.734340
Epoch[12] Batch [400]	Speed: 1452.42 samples/sec	rmse=0.754432
Epoch[12] Batch [450]	Speed: 1458.04 samples/sec	rmse=0.758222
Epoch[12] Batch [500]	Speed: 1501.18 samples/sec	rmse=0.766037
Epoch[12] Batch [550]	Speed: 1390.45 samples/sec	rmse=0.772779
Epoch[12] Train-rmse=0.767326
Epoch[12] Time cost=194.616
Epoch[12] Validation-rmse=0.901807
Epoch[13] Batch [50]	Speed: 1539.77 samples/sec	rmse=0.668253
Epoch[13] Batch [100]	Speed: 1517.91 samples/sec	rmse=0.676706
Epoch[13] Batch [150]	Speed: 1515.84 samples/sec	rmse=0.690496
Epoch[13] Batch [200]	Speed: 1569.74 samples/sec	rmse=0.692516
Epoch[13] Batch [250]	Speed: 1476.99 samples/sec	rmse=0.697352
Epoch[13] Batch [300]	Speed: 1502.34 samples/sec	rmse=0.698096
Epoch[13] Batch [350]	Speed: 1434.64 samples/sec	rmse=0.708774
Epoch[13] Batch [400]	Speed: 1460.47 samples/sec	rmse=0.705935
Epoch[13] Batch [450]	Speed: 1467.16 samples/sec	rmse=0.715080
Epoch[13] Batch [500]	Speed: 1470.52 samples/sec	rmse=0.715750
Epoch[13] Batch [550]	Speed: 1502.87 samples/sec	rmse=0.727341
Epoch[13] Train-rmse=0.727717
Epoch[13] Time cost=191.880
Epoch[13] Validation-rmse=0.796004
Epoch[14] Batch [50]	Speed: 1513.07 samples/sec	rmse=0.665454
Epoch[14] Batch [100]	Speed: 1478.08 samples/sec	rmse=0.666729
Epoch[14] Batch [150]	Speed: 1462.20 samples/sec	rmse=0.664130
Epoch[14] Batch [200]	Speed: 1443.85 samples/sec	rmse=0.672988
Epoch[14] Batch [250]	Speed: 1424.67 samples/sec	rmse=0.677852
Epoch[14] Batch [300]	Speed: 1446.97 samples/sec	rmse=0.682070
Epoch[14] Batch [350]	Speed: 1433.11 samples/sec	rmse=0.684134
Epoch[14] Batch [400]	Speed: 1497.85 samples/sec	rmse=0.685431
Epoch[14] Batch [450]	Speed: 1427.65 samples/sec	rmse=0.683350
Epoch[14] Batch [500]	Speed: 1458.10 samples/sec	rmse=0.688855
Epoch[14] Batch [550]	Speed: 1456.13 samples/sec	rmse=0.684339
Epoch[14] Train-rmse=0.690950
Epoch[14] Time cost=197.235
Epoch[14] Validation-rmse=0.609543
Epoch[15] Batch [50]	Speed: 1514.59 samples/sec	rmse=0.650999
Epoch[15] Batch [100]	Speed: 1565.45 samples/sec	rmse=0.649248
Epoch[15] Batch [150]	Speed: 1507.79 samples/sec	rmse=0.654933
Epoch[15] Batch [200]	Speed: 1537.98 samples/sec	rmse=0.652383
Epoch[15] Batch [250]	Speed: 1531.05 samples/sec	rmse=0.656548
Epoch[15] Batch [300]	Speed: 1621.75 samples/sec	rmse=0.663292
Epoch[15] Batch [350]	Speed: 1619.84 samples/sec	rmse=0.660796
Epoch[15] Batch [400]	Speed: 1552.93 samples/sec	rmse=0.660279
Epoch[15] Batch [450]	Speed: 1503.44 samples/sec	rmse=0.657500
Epoch[15] Batch [500]	Speed: 1488.94 samples/sec	rmse=0.663672
Epoch[15] Batch [550]	Speed: 1534.81 samples/sec	rmse=0.669511
Epoch[15] Train-rmse=0.659823
Epoch[15] Time cost=186.364
Epoch[15] Validation-rmse=0.551116
Epoch[16] Batch [50]	Speed: 1496.45 samples/sec	rmse=0.632465
Epoch[16] Batch [100]	Speed: 1610.38 samples/sec	rmse=0.635118
Epoch[16] Batch [150]	Speed: 1478.62 samples/sec	rmse=0.632915
Epoch[16] Batch [200]	Speed: 1478.04 samples/sec	rmse=0.634869
Epoch[16] Batch [250]	Speed: 1494.79 samples/sec	rmse=0.638111
Epoch[16] Batch [300]	Speed: 1573.14 samples/sec	rmse=0.636877
Epoch[16] Batch [350]	Speed: 1447.41 samples/sec	rmse=0.643099
Epoch[16] Batch [400]	Speed: 1478.33 samples/sec	rmse=0.640334
Epoch[16] Batch [450]	Speed: 1517.79 samples/sec	rmse=0.642037
Epoch[16] Batch [500]	Speed: 1548.32 samples/sec	rmse=0.638938
Epoch[16] Batch [550]	Speed: 1542.61 samples/sec	rmse=0.637746
Epoch[16] Train-rmse=0.640226
Epoch[16] Time cost=190.117
Epoch[16] Validation-rmse=0.489728
Epoch[17] Batch [50]	Speed: 1523.42 samples/sec	rmse=0.619500
Epoch[17] Batch [100]	Speed: 1484.76 samples/sec	rmse=0.621320
Epoch[17] Batch [150]	Speed: 1516.43 samples/sec	rmse=0.620387
Epoch[17] Batch [200]	Speed: 1465.33 samples/sec	rmse=0.626362
Epoch[17] Batch [250]	Speed: 1508.19 samples/sec	rmse=0.622929
Epoch[17] Batch [300]	Speed: 1512.67 samples/sec	rmse=0.624884
Epoch[17] Batch [350]	Speed: 1475.30 samples/sec	rmse=0.625912
Epoch[17] Batch [400]	Speed: 1499.89 samples/sec	rmse=0.618588
Epoch[17] Batch [450]	Speed: 1512.68 samples/sec	rmse=0.624814
Epoch[17] Batch [500]	Speed: 1490.53 samples/sec	rmse=0.625657
Epoch[17] Batch [550]	Speed: 1580.76 samples/sec	rmse=0.626768
Epoch[17] Train-rmse=0.622486
Epoch[17] Time cost=190.644
Epoch[17] Validation-rmse=0.494985
Epoch[18] Batch [50]	Speed: 1513.81 samples/sec	rmse=0.610349
Epoch[18] Batch [100]	Speed: 1458.23 samples/sec	rmse=0.604587
Epoch[18] Batch [150]	Speed: 1551.24 samples/sec	rmse=0.608589
Epoch[18] Batch [200]	Speed: 1514.30 samples/sec	rmse=0.606676
Epoch[18] Batch [250]	Speed: 1488.28 samples/sec	rmse=0.605666
Epoch[18] Batch [300]	Speed: 1518.24 samples/sec	rmse=0.606539
Epoch[18] Batch [350]	Speed: 1465.98 samples/sec	rmse=0.609350
Epoch[18] Batch [400]	Speed: 1505.00 samples/sec	rmse=0.604254
Epoch[18] Batch [450]	Speed: 1482.28 samples/sec	rmse=0.603931
Epoch[18] Batch [500]	Speed: 1492.09 samples/sec	rmse=0.603566
Epoch[18] Batch [550]	Speed: 1499.88 samples/sec	rmse=0.599327
Epoch[18] Train-rmse=0.606982
Epoch[18] Time cost=191.660
Epoch[18] Validation-rmse=0.412291
Epoch[19] Batch [50]	Speed: 1499.26 samples/sec	rmse=0.595263
Epoch[19] Batch [100]	Speed: 1491.96 samples/sec	rmse=0.592353
Epoch[19] Batch [150]	Speed: 1531.28 samples/sec	rmse=0.596331
Epoch[19] Batch [200]	Speed: 1478.13 samples/sec	rmse=0.593584
Epoch[19] Batch [250]	Speed: 1507.03 samples/sec	rmse=0.590998
Epoch[19] Batch [300]	Speed: 1477.02 samples/sec	rmse=0.593689
Epoch[19] Batch [350]	Speed: 1501.98 samples/sec	rmse=0.594805
Epoch[19] Batch [400]	Speed: 1466.67 samples/sec	rmse=0.598006
Epoch[19] Batch [450]	Speed: 1491.54 samples/sec	rmse=0.595668
Epoch[19] Batch [500]	Speed: 1476.86 samples/sec	rmse=0.587457
Epoch[19] Batch [550]	Speed: 1504.40 samples/sec	rmse=0.594162
Epoch[19] Train-rmse=0.595381
Epoch[19] Time cost=192.425
Epoch[19] Validation-rmse=0.329986
Epoch[20] Batch [50]	Speed: 1452.18 samples/sec	rmse=0.577570
Epoch[20] Batch [100]	Speed: 1474.46 samples/sec	rmse=0.583654
Epoch[20] Batch [150]	Speed: 1491.95 samples/sec	rmse=0.579720
Epoch[20] Batch [200]	Speed: 1481.31 samples/sec	rmse=0.585297
Epoch[20] Batch [250]	Speed: 1472.67 samples/sec	rmse=0.579251
Epoch[20] Batch [300]	Speed: 1512.88 samples/sec	rmse=0.580079
Epoch[20] Batch [350]	Speed: 1451.29 samples/sec	rmse=0.576749
Epoch[20] Batch [400]	Speed: 1436.53 samples/sec	rmse=0.581116
Epoch[20] Batch [450]	Speed: 1505.26 samples/sec	rmse=0.581667
Epoch[20] Batch [500]	Speed: 1438.90 samples/sec	rmse=0.576846
Epoch[20] Batch [550]	Speed: 1495.21 samples/sec	rmse=0.575835
Epoch[20] Train-rmse=0.574939
Epoch[20] Time cost=194.680
Epoch[20] Validation-rmse=0.451024
Epoch[21] Batch [50]	Speed: 1464.53 samples/sec	rmse=0.564719
Epoch[21] Batch [100]	Speed: 1492.67 samples/sec	rmse=0.561049
Epoch[21] Batch [150]	Speed: 1454.65 samples/sec	rmse=0.564926
Epoch[21] Batch [200]	Speed: 1489.19 samples/sec	rmse=0.567212
Epoch[21] Batch [250]	Speed: 1435.21 samples/sec	rmse=0.567578
Epoch[21] Batch [300]	Speed: 1543.02 samples/sec	rmse=0.563164
Epoch[21] Batch [350]	Speed: 1551.07 samples/sec	rmse=0.564792
Epoch[21] Batch [400]	Speed: 1508.25 samples/sec	rmse=0.567833
Epoch[21] Batch [450]	Speed: 1514.95 samples/sec	rmse=0.568864
Epoch[21] Batch [500]	Speed: 1412.19 samples/sec	rmse=0.560539
Epoch[21] Batch [550]	Speed: 1498.59 samples/sec	rmse=0.566916
Epoch[21] Train-rmse=0.561629
Epoch[21] Time cost=192.991
Epoch[21] Validation-rmse=0.369012
Epoch[22] Batch [50]	Speed: 1457.31 samples/sec	rmse=0.552620
Epoch[22] Batch [100]	Speed: 1419.50 samples/sec	rmse=0.547517
Epoch[22] Batch [150]	Speed: 1459.18 samples/sec	rmse=0.547024
Epoch[22] Batch [200]	Speed: 1455.86 samples/sec	rmse=0.550684
Epoch[22] Batch [250]	Speed: 1400.26 samples/sec	rmse=0.548807
Epoch[22] Batch [300]	Speed: 1487.07 samples/sec	rmse=0.550861
Epoch[22] Batch [350]	Speed: 1503.34 samples/sec	rmse=0.549580
Epoch[22] Batch [400]	Speed: 1513.56 samples/sec	rmse=0.547258
Epoch[22] Batch [450]	Speed: 1515.88 samples/sec	rmse=0.550694
Epoch[22] Batch [500]	Speed: 1397.03 samples/sec	rmse=0.549345
Epoch[22] Batch [550]	Speed: 1472.36 samples/sec	rmse=0.546896
Epoch[22] Train-rmse=0.555425
Epoch[22] Time cost=196.356
Epoch[22] Validation-rmse=0.113688
Epoch[23] Batch [50]	Speed: 1506.28 samples/sec	rmse=0.530518
Epoch[23] Batch [100]	Speed: 1497.79 samples/sec	rmse=0.532118
Epoch[23] Batch [150]	Speed: 1497.23 samples/sec	rmse=0.536256
Epoch[23] Batch [200]	Speed: 1465.97 samples/sec	rmse=0.532595
Epoch[23] Batch [250]	Speed: 1440.39 samples/sec	rmse=0.533134
Epoch[23] Batch [300]	Speed: 1492.81 samples/sec	rmse=0.535394
Epoch[23] Batch [350]	Speed: 1437.54 samples/sec	rmse=0.533467
Epoch[23] Batch [400]	Speed: 1447.40 samples/sec	rmse=0.526417
Epoch[23] Batch [450]	Speed: 1483.84 samples/sec	rmse=0.522425
Epoch[23] Batch [500]	Speed: 1496.70 samples/sec	rmse=0.529136
Epoch[23] Batch [550]	Speed: 1519.71 samples/sec	rmse=0.529585
Epoch[23] Train-rmse=0.526439
Epoch[23] Time cost=193.808
Epoch[23] Validation-rmse=0.200100
Epoch[24] Batch [50]	Speed: 1528.15 samples/sec	rmse=0.520756
Epoch[24] Batch [100]	Speed: 1522.87 samples/sec	rmse=0.520147
Epoch[24] Batch [150]	Speed: 1486.10 samples/sec	rmse=0.518262
Epoch[24] Batch [200]	Speed: 1496.75 samples/sec	rmse=0.519316
Epoch[24] Batch [250]	Speed: 1466.73 samples/sec	rmse=0.516178
Epoch[24] Batch [300]	Speed: 1445.73 samples/sec	rmse=0.517928
Epoch[24] Batch [350]	Speed: 1490.21 samples/sec	rmse=0.522583
Epoch[24] Batch [400]	Speed: 1406.18 samples/sec	rmse=0.520132
Epoch[24] Batch [450]	Speed: 1440.53 samples/sec	rmse=0.513983
Epoch[24] Batch [500]	Speed: 1472.21 samples/sec	rmse=0.518281
Epoch[24] Batch [550]	Speed: 1484.69 samples/sec	rmse=0.515996
Epoch[24] Train-rmse=0.514611
Epoch[24] Time cost=194.716
Epoch[24] Validation-rmse=0.259417
Epoch[25] Batch [50]	Speed: 1475.58 samples/sec	rmse=0.508682
Epoch[25] Batch [100]	Speed: 1502.12 samples/sec	rmse=0.507903
Epoch[25] Batch [150]	Speed: 1520.23 samples/sec	rmse=0.507626
Epoch[25] Batch [200]	Speed: 1462.74 samples/sec	rmse=0.503983
Epoch[25] Batch [250]	Speed: 1414.30 samples/sec	rmse=0.504023
Epoch[25] Batch [300]	Speed: 1431.32 samples/sec	rmse=0.509915
Epoch[25] Batch [350]	Speed: 1523.12 samples/sec	rmse=0.504768
Epoch[25] Batch [400]	Speed: 1524.20 samples/sec	rmse=0.502617
Epoch[25] Batch [450]	Speed: 1451.41 samples/sec	rmse=0.501324
Epoch[25] Batch [500]	Speed: 1473.27 samples/sec	rmse=0.499645
Epoch[25] Batch [550]	Speed: 1513.35 samples/sec	rmse=0.499476
Epoch[25] Train-rmse=0.494930
Epoch[25] Time cost=193.764
Epoch[25] Validation-rmse=0.320788
Epoch[26] Batch [50]	Speed: 1493.03 samples/sec	rmse=0.493175
Epoch[26] Batch [100]	Speed: 1463.15 samples/sec	rmse=0.491813
Epoch[26] Batch [150]	Speed: 1455.74 samples/sec	rmse=0.495540
Epoch[26] Batch [200]	Speed: 1496.66 samples/sec	rmse=0.491123
Epoch[26] Batch [250]	Speed: 1436.97 samples/sec	rmse=0.493914
Epoch[26] Batch [300]	Speed: 1499.03 samples/sec	rmse=0.487464
Epoch[26] Batch [350]	Speed: 1491.16 samples/sec	rmse=0.490452
Epoch[26] Batch [400]	Speed: 1497.99 samples/sec	rmse=0.493656
Epoch[26] Batch [450]	Speed: 1498.21 samples/sec	rmse=0.485829
Epoch[26] Batch [500]	Speed: 1514.27 samples/sec	rmse=0.491291
Epoch[26] Batch [550]	Speed: 1550.75 samples/sec	rmse=0.486706
Epoch[26] Train-rmse=0.484584
Epoch[26] Time cost=192.362
Epoch[26] Validation-rmse=0.153866
Epoch[27] Batch [50]	Speed: 1523.56 samples/sec	rmse=0.487969
Epoch[27] Batch [100]	Speed: 1501.47 samples/sec	rmse=0.482799
Epoch[27] Batch [150]	Speed: 1475.86 samples/sec	rmse=0.480588
Epoch[27] Batch [200]	Speed: 1484.72 samples/sec	rmse=0.481235
Epoch[27] Batch [250]	Speed: 1452.75 samples/sec	rmse=0.480311
Epoch[27] Batch [300]	Speed: 1525.43 samples/sec	rmse=0.479647
Epoch[27] Batch [350]	Speed: 1505.02 samples/sec	rmse=0.478241
Epoch[27] Batch [400]	Speed: 1475.38 samples/sec	rmse=0.477925
Epoch[27] Batch [450]	Speed: 1489.65 samples/sec	rmse=0.473138
Epoch[27] Batch [500]	Speed: 1522.92 samples/sec	rmse=0.473289
Epoch[27] Batch [550]	Speed: 1516.93 samples/sec	rmse=0.473817
Epoch[27] Train-rmse=0.469565
Epoch[27] Time cost=191.657
Epoch[27] Validation-rmse=0.183653
Epoch[28] Batch [50]	Speed: 1509.75 samples/sec	rmse=0.475455
Epoch[28] Batch [100]	Speed: 1535.38 samples/sec	rmse=0.468917
Epoch[28] Batch [150]	Speed: 1522.26 samples/sec	rmse=0.469706
Epoch[28] Batch [200]	Speed: 1512.17 samples/sec	rmse=0.466772
Epoch[28] Batch [250]	Speed: 1486.67 samples/sec	rmse=0.467612
Epoch[28] Batch [300]	Speed: 1551.78 samples/sec	rmse=0.464725
Epoch[28] Batch [350]	Speed: 1468.58 samples/sec	rmse=0.465192
Epoch[28] Batch [400]	Speed: 1496.73 samples/sec	rmse=0.465978
Epoch[28] Batch [450]	Speed: 1502.53 samples/sec	rmse=0.468170
Epoch[28] Batch [500]	Speed: 1502.99 samples/sec	rmse=0.464495
Epoch[28] Batch [550]	Speed: 1513.85 samples/sec	rmse=0.459985
Epoch[28] Train-rmse=0.459353
Epoch[28] Time cost=189.953
Epoch[28] Validation-rmse=0.224297
Epoch[29] Batch [50]	Speed: 1493.21 samples/sec	rmse=0.463596
Epoch[29] Batch [100]	Speed: 1472.87 samples/sec	rmse=0.459166
Epoch[29] Batch [150]	Speed: 1449.60 samples/sec	rmse=0.456486
Epoch[29] Batch [200]	Speed: 1448.22 samples/sec	rmse=0.458184
Epoch[29] Batch [250]	Speed: 1497.10 samples/sec	rmse=0.454920
Epoch[29] Batch [300]	Speed: 1431.55 samples/sec	rmse=0.453729
Epoch[29] Batch [350]	Speed: 1469.81 samples/sec	rmse=0.449611
Epoch[29] Batch [400]	Speed: 1453.99 samples/sec	rmse=0.451560
Epoch[29] Batch [450]	Speed: 1442.14 samples/sec	rmse=0.450515
Epoch[29] Batch [500]	Speed: 1396.94 samples/sec	rmse=0.451375
Epoch[29] Batch [550]	Speed: 1471.97 samples/sec	rmse=0.450565
Epoch[29] Train-rmse=0.443669
Epoch[29] Time cost=196.786
Epoch[29] Validation-rmse=0.073205
Epoch[30] Batch [50]	Speed: 1479.14 samples/sec	rmse=0.447406
Epoch[30] Batch [100]	Speed: 1482.85 samples/sec	rmse=0.446763
Epoch[30] Batch [150]	Speed: 1428.34 samples/sec	rmse=0.447152
Epoch[30] Batch [200]	Speed: 1443.38 samples/sec	rmse=0.440798
Epoch[30] Batch [250]	Speed: 1459.87 samples/sec	rmse=0.446278
Epoch[30] Batch [300]	Speed: 1413.62 samples/sec	rmse=0.439976
Epoch[30] Batch [350]	Speed: 1441.67 samples/sec	rmse=0.438742
Epoch[30] Batch [400]	Speed: 1501.26 samples/sec	rmse=0.439019
Epoch[30] Batch [450]	Speed: 1506.79 samples/sec	rmse=0.436809
Epoch[30] Batch [500]	Speed: 1456.70 samples/sec	rmse=0.437321
Epoch[30] Batch [550]	Speed: 1471.20 samples/sec	rmse=0.436649
Epoch[30] Train-rmse=0.435482
Epoch[30] Time cost=196.082
Epoch[30] Validation-rmse=0.174536
Epoch[31] Batch [50]	Speed: 1516.11 samples/sec	rmse=0.433714
Epoch[31] Batch [100]	Speed: 1465.94 samples/sec	rmse=0.433753
Epoch[31] Batch [150]	Speed: 1411.18 samples/sec	rmse=0.431763
Epoch[31] Batch [200]	Speed: 1493.77 samples/sec	rmse=0.430915
Epoch[31] Batch [250]	Speed: 1469.76 samples/sec	rmse=0.426834
Epoch[31] Batch [300]	Speed: 1475.43 samples/sec	rmse=0.433544
Epoch[31] Batch [350]	Speed: 1459.31 samples/sec	rmse=0.422285
Epoch[31] Batch [400]	Speed: 1432.78 samples/sec	rmse=0.427550
Epoch[31] Batch [450]	Speed: 1457.26 samples/sec	rmse=0.424487
Epoch[31] Batch [500]	Speed: 1473.69 samples/sec	rmse=0.424039
Epoch[31] Batch [550]	Speed: 1442.24 samples/sec	rmse=0.423452
Epoch[31] Train-rmse=0.421259
Epoch[31] Time cost=196.356
Epoch[31] Validation-rmse=0.253651
Epoch[32] Batch [50]	Speed: 1478.04 samples/sec	rmse=0.422551
Epoch[32] Batch [100]	Speed: 1332.29 samples/sec	rmse=0.418099
Epoch[32] Batch [150]	Speed: 1471.21 samples/sec	rmse=0.420071
Epoch[32] Batch [200]	Speed: 1420.87 samples/sec	rmse=0.416326
Epoch[32] Batch [250]	Speed: 1468.90 samples/sec	rmse=0.412882
Epoch[32] Batch [300]	Speed: 1456.54 samples/sec	rmse=0.417073
Epoch[32] Batch [350]	Speed: 1455.92 samples/sec	rmse=0.416107
Epoch[32] Batch [400]	Speed: 1435.59 samples/sec	rmse=0.418295
Epoch[32] Batch [450]	Speed: 1448.73 samples/sec	rmse=0.414712
Epoch[32] Batch [500]	Speed: 1458.19 samples/sec	rmse=0.412133
Epoch[32] Batch [550]	Speed: 1494.36 samples/sec	rmse=0.409325
Epoch[32] Train-rmse=0.413890
Epoch[32] Time cost=198.280
Epoch[32] Validation-rmse=0.215982
Epoch[33] Batch [50]	Speed: 1502.61 samples/sec	rmse=0.408947
Epoch[33] Batch [100]	Speed: 1428.51 samples/sec	rmse=0.406704
Epoch[33] Batch [150]	Speed: 1546.29 samples/sec	rmse=0.405858
Epoch[33] Batch [200]	Speed: 1434.13 samples/sec	rmse=0.404386
Epoch[33] Batch [250]	Speed: 1470.90 samples/sec	rmse=0.404102
Epoch[33] Batch [300]	Speed: 1471.52 samples/sec	rmse=0.402694
Epoch[33] Batch [350]	Speed: 1463.90 samples/sec	rmse=0.399802
Epoch[33] Batch [400]	Speed: 1447.22 samples/sec	rmse=0.402699
Epoch[33] Batch [450]	Speed: 1494.06 samples/sec	rmse=0.400850
Epoch[33] Batch [500]	Speed: 1470.19 samples/sec	rmse=0.397885
Epoch[33] Batch [550]	Speed: 1472.75 samples/sec	rmse=0.398339
Epoch[33] Train-rmse=0.396133
Epoch[33] Time cost=194.963
Epoch[33] Validation-rmse=0.172467
Epoch[34] Batch [50]	Speed: 1424.68 samples/sec	rmse=0.397551
Epoch[34] Batch [100]	Speed: 1398.10 samples/sec	rmse=0.397702
Epoch[34] Batch [150]	Speed: 1447.82 samples/sec	rmse=0.394967
Epoch[34] Batch [200]	Speed: 1424.97 samples/sec	rmse=0.393341
Epoch[34] Batch [250]	Speed: 1496.77 samples/sec	rmse=0.392337
Epoch[34] Batch [300]	Speed: 1454.08 samples/sec	rmse=0.392900
Epoch[34] Batch [350]	Speed: 1424.99 samples/sec	rmse=0.391736
Epoch[34] Batch [400]	Speed: 1473.63 samples/sec	rmse=0.389125
Epoch[34] Batch [450]	Speed: 1462.49 samples/sec	rmse=0.389007
Epoch[34] Batch [500]	Speed: 1472.54 samples/sec	rmse=0.387592
Epoch[34] Batch [550]	Speed: 1492.78 samples/sec	rmse=0.387748
Epoch[34] Train-rmse=0.381427
Epoch[34] Time cost=197.506
Epoch[34] Validation-rmse=0.232780
Epoch[35] Batch [50]	Speed: 1481.44 samples/sec	rmse=0.384969
Epoch[35] Batch [100]	Speed: 1456.66 samples/sec	rmse=0.383450
Epoch[35] Batch [150]	Speed: 1550.47 samples/sec	rmse=0.380113
Epoch[35] Batch [200]	Speed: 1462.08 samples/sec	rmse=0.379892
Epoch[35] Batch [250]	Speed: 1485.03 samples/sec	rmse=0.378465
Epoch[35] Batch [300]	Speed: 1502.30 samples/sec	rmse=0.377113
Epoch[35] Batch [350]	Speed: 1537.45 samples/sec	rmse=0.380409
Epoch[35] Batch [400]	Speed: 1539.21 samples/sec	rmse=0.376722
Epoch[35] Batch [450]	Speed: 1423.77 samples/sec	rmse=0.376349
Epoch[35] Batch [500]	Speed: 1466.04 samples/sec	rmse=0.375433
Epoch[35] Batch [550]	Speed: 1467.85 samples/sec	rmse=0.373141
Epoch[35] Train-rmse=0.375635
Epoch[35] Time cost=193.360
Epoch[35] Validation-rmse=0.187378
Epoch[36] Batch [50]	Speed: 1439.33 samples/sec	rmse=0.369003
Epoch[36] Batch [100]	Speed: 1437.24 samples/sec	rmse=0.369037
Epoch[36] Batch [150]	Speed: 1500.91 samples/sec	rmse=0.369161
Epoch[36] Batch [200]	Speed: 1491.65 samples/sec	rmse=0.371163
Epoch[36] Batch [250]	Speed: 1508.30 samples/sec	rmse=0.365846
Epoch[36] Batch [300]	Speed: 1519.80 samples/sec	rmse=0.367028
Epoch[36] Batch [350]	Speed: 1536.00 samples/sec	rmse=0.364433
Epoch[36] Batch [400]	Speed: 1537.10 samples/sec	rmse=0.364146
Epoch[36] Batch [450]	Speed: 1546.39 samples/sec	rmse=0.360798
Epoch[36] Batch [500]	Speed: 1501.49 samples/sec	rmse=0.360801
Epoch[36] Batch [550]	Speed: 1470.66 samples/sec	rmse=0.360033
Epoch[36] Train-rmse=0.360043
Epoch[36] Time cost=191.557
Epoch[36] Validation-rmse=0.208817
Epoch[37] Batch [50]	Speed: 1519.79 samples/sec	rmse=0.360745
Epoch[37] Batch [100]	Speed: 1486.33 samples/sec	rmse=0.355836
Epoch[37] Batch [150]	Speed: 1494.81 samples/sec	rmse=0.357596
Epoch[37] Batch [200]	Speed: 1543.16 samples/sec	rmse=0.354816
Epoch[37] Batch [250]	Speed: 1513.71 samples/sec	rmse=0.354147
Epoch[37] Batch [300]	Speed: 1501.47 samples/sec	rmse=0.353996
Epoch[37] Batch [350]	Speed: 1470.33 samples/sec	rmse=0.353029
Epoch[37] Batch [400]	Speed: 1498.31 samples/sec	rmse=0.350005
Epoch[37] Batch [450]	Speed: 1503.99 samples/sec	rmse=0.353091
Epoch[37] Batch [500]	Speed: 1484.07 samples/sec	rmse=0.344765
Epoch[37] Batch [550]	Speed: 1505.51 samples/sec	rmse=0.347550
Epoch[37] Train-rmse=0.346461
Epoch[37] Time cost=191.080
Epoch[37] Validation-rmse=0.233008
Epoch[38] Batch [50]	Speed: 1502.56 samples/sec	rmse=0.347551
Epoch[38] Batch [100]	Speed: 1444.68 samples/sec	rmse=0.344697
Epoch[38] Batch [150]	Speed: 1473.89 samples/sec	rmse=0.346973
Epoch[38] Batch [200]	Speed: 1457.95 samples/sec	rmse=0.342644
Epoch[38] Batch [250]	Speed: 1450.58 samples/sec	rmse=0.340636
Epoch[38] Batch [300]	Speed: 1497.02 samples/sec	rmse=0.339881
Epoch[38] Batch [350]	Speed: 1413.07 samples/sec	rmse=0.345661
Epoch[38] Batch [400]	Speed: 1510.71 samples/sec	rmse=0.337882
Epoch[38] Batch [450]	Speed: 1536.16 samples/sec	rmse=0.334771
Epoch[38] Batch [500]	Speed: 1498.46 samples/sec	rmse=0.338395
Epoch[38] Batch [550]	Speed: 1551.28 samples/sec	rmse=0.333991
Epoch[38] Train-rmse=0.333344
Epoch[38] Time cost=192.973
Epoch[38] Validation-rmse=0.172241
Epoch[39] Batch [50]	Speed: 1429.67 samples/sec	rmse=0.333779
Epoch[39] Batch [100]	Speed: 1413.01 samples/sec	rmse=0.334495
Epoch[39] Batch [150]	Speed: 1525.80 samples/sec	rmse=0.331698
Epoch[39] Batch [200]	Speed: 1482.33 samples/sec	rmse=0.329274
Epoch[39] Batch [250]	Speed: 1432.67 samples/sec	rmse=0.327947
Epoch[39] Batch [300]	Speed: 1489.57 samples/sec	rmse=0.327280
Epoch[39] Batch [350]	Speed: 1532.64 samples/sec	rmse=0.329068
Epoch[39] Batch [400]	Speed: 1504.71 samples/sec	rmse=0.326543
Epoch[39] Batch [450]	Speed: 1519.12 samples/sec	rmse=0.326624
Epoch[39] Batch [500]	Speed: 1472.60 samples/sec	rmse=0.322098
Epoch[39] Batch [550]	Speed: 1417.48 samples/sec	rmse=0.324561
Epoch[39] Train-rmse=0.321290
Epoch[39] Time cost=194.295
Epoch[39] Validation-rmse=0.240093
Epoch[40] Batch [50]	Speed: 1492.37 samples/sec	rmse=0.322115
Epoch[40] Batch [100]	Speed: 1506.27 samples/sec	rmse=0.320406
Epoch[40] Batch [150]	Speed: 1494.06 samples/sec	rmse=0.321915
Epoch[40] Batch [200]	Speed: 1502.25 samples/sec	rmse=0.320281
Epoch[40] Batch [250]	Speed: 1492.92 samples/sec	rmse=0.318545
Epoch[40] Batch [300]	Speed: 1502.10 samples/sec	rmse=0.316526
Epoch[40] Batch [350]	Speed: 1494.94 samples/sec	rmse=0.314037
Epoch[40] Batch [400]	Speed: 1473.32 samples/sec	rmse=0.314011
Epoch[40] Batch [450]	Speed: 1509.40 samples/sec	rmse=0.309553
Epoch[40] Batch [500]	Speed: 1497.52 samples/sec	rmse=0.310132
Epoch[40] Batch [550]	Speed: 1485.66 samples/sec	rmse=0.311233
Epoch[40] Train-rmse=0.310975
Epoch[40] Time cost=192.053
Epoch[40] Validation-rmse=0.198063
Epoch[41] Batch [50]	Speed: 1471.90 samples/sec	rmse=0.312114
Epoch[41] Batch [100]	Speed: 1472.74 samples/sec	rmse=0.310156
Epoch[41] Batch [150]	Speed: 1508.32 samples/sec	rmse=0.306458
Epoch[41] Batch [200]	Speed: 1388.26 samples/sec	rmse=0.307085
Epoch[41] Batch [250]	Speed: 1462.12 samples/sec	rmse=0.306298
Epoch[41] Batch [300]	Speed: 1522.97 samples/sec	rmse=0.303136
Epoch[41] Batch [350]	Speed: 1517.20 samples/sec	rmse=0.302755
Epoch[41] Batch [400]	Speed: 1506.46 samples/sec	rmse=0.300851
Epoch[41] Batch [450]	Speed: 1494.52 samples/sec	rmse=0.299597
Epoch[41] Batch [500]	Speed: 1532.70 samples/sec	rmse=0.299602
Epoch[41] Batch [550]	Speed: 1502.50 samples/sec	rmse=0.299182
Epoch[41] Train-rmse=0.297557
Epoch[41] Time cost=192.736
Epoch[41] Validation-rmse=0.237639
Epoch[42] Batch [50]	Speed: 1464.80 samples/sec	rmse=0.294577
Epoch[42] Batch [100]	Speed: 1538.35 samples/sec	rmse=0.295374
Epoch[42] Batch [150]	Speed: 1472.69 samples/sec	rmse=0.296300
Epoch[42] Batch [200]	Speed: 1511.05 samples/sec	rmse=0.293564
Epoch[42] Batch [250]	Speed: 1511.19 samples/sec	rmse=0.293301
Epoch[42] Batch [300]	Speed: 1487.19 samples/sec	rmse=0.291923
Epoch[42] Batch [350]	Speed: 1495.87 samples/sec	rmse=0.288916
Epoch[42] Batch [400]	Speed: 1496.25 samples/sec	rmse=0.289534
Epoch[42] Batch [450]	Speed: 1468.52 samples/sec	rmse=0.290315
Epoch[42] Batch [500]	Speed: 1491.04 samples/sec	rmse=0.290242
Epoch[42] Batch [550]	Speed: 1510.63 samples/sec	rmse=0.286801
Epoch[42] Train-rmse=0.286038
Epoch[42] Time cost=192.141
Epoch[42] Validation-rmse=0.190760
Epoch[43] Batch [50]	Speed: 1513.53 samples/sec	rmse=0.286028
Epoch[43] Batch [100]	Speed: 1462.96 samples/sec	rmse=0.282228
Epoch[43] Batch [150]	Speed: 1471.26 samples/sec	rmse=0.282249
Epoch[43] Batch [200]	Speed: 1512.18 samples/sec	rmse=0.281708
Epoch[43] Batch [250]	Speed: 1496.03 samples/sec	rmse=0.281433
Epoch[43] Batch [300]	Speed: 1519.29 samples/sec	rmse=0.279110
Epoch[43] Batch [350]	Speed: 1470.91 samples/sec	rmse=0.275674
Epoch[43] Batch [400]	Speed: 1501.03 samples/sec	rmse=0.277685
Epoch[43] Batch [450]	Speed: 1443.82 samples/sec	rmse=0.274025
Epoch[43] Batch [500]	Speed: 1474.16 samples/sec	rmse=0.273383
Epoch[43] Batch [550]	Speed: 1433.58 samples/sec	rmse=0.274144
Epoch[43] Train-rmse=0.272340
Epoch[43] Time cost=193.562
Epoch[43] Validation-rmse=0.219713
Epoch[44] Batch [50]	Speed: 1497.19 samples/sec	rmse=0.272102
Epoch[44] Batch [100]	Speed: 1502.16 samples/sec	rmse=0.270752
Epoch[44] Batch [150]	Speed: 1517.83 samples/sec	rmse=0.268236
Epoch[44] Batch [200]	Speed: 1531.79 samples/sec	rmse=0.269864
Epoch[44] Batch [250]	Speed: 1521.48 samples/sec	rmse=0.268079
Epoch[44] Batch [300]	Speed: 1525.11 samples/sec	rmse=0.268224
Epoch[44] Batch [350]	Speed: 1474.54 samples/sec	rmse=0.265947
Epoch[44] Batch [400]	Speed: 1470.00 samples/sec	rmse=0.265543
Epoch[44] Batch [450]	Speed: 1448.41 samples/sec	rmse=0.262324
Epoch[44] Batch [500]	Speed: 1462.04 samples/sec	rmse=0.264125
Epoch[44] Batch [550]	Speed: 1442.49 samples/sec	rmse=0.263412
Epoch[44] Train-rmse=0.261268
Epoch[44] Time cost=192.418
Epoch[44] Validation-rmse=0.206957
Epoch[45] Batch [50]	Speed: 1416.01 samples/sec	rmse=0.260382
Epoch[45] Batch [100]	Speed: 1450.67 samples/sec	rmse=0.258925
Epoch[45] Batch [150]	Speed: 1487.01 samples/sec	rmse=0.258920
Epoch[45] Batch [200]	Speed: 1508.75 samples/sec	rmse=0.257591
Epoch[45] Batch [250]	Speed: 1512.85 samples/sec	rmse=0.255620
Epoch[45] Batch [300]	Speed: 1480.31 samples/sec	rmse=0.255462
Epoch[45] Batch [350]	Speed: 1485.68 samples/sec	rmse=0.255181
Epoch[45] Batch [400]	Speed: 1508.18 samples/sec	rmse=0.251601
Epoch[45] Batch [450]	Speed: 1497.76 samples/sec	rmse=0.252592
Epoch[45] Batch [500]	Speed: 1445.43 samples/sec	rmse=0.250405
Epoch[45] Batch [550]	Speed: 1421.67 samples/sec	rmse=0.250663
Epoch[45] Train-rmse=0.249587
Epoch[45] Time cost=194.671
Epoch[45] Validation-rmse=0.177206
Epoch[46] Batch [50]	Speed: 1482.39 samples/sec	rmse=0.248564
Epoch[46] Batch [100]	Speed: 1513.55 samples/sec	rmse=0.246734
Epoch[46] Batch [150]	Speed: 1500.38 samples/sec	rmse=0.244907
Epoch[46] Batch [200]	Speed: 1589.70 samples/sec	rmse=0.247882
Epoch[46] Batch [250]	Speed: 1451.34 samples/sec	rmse=0.246535
Epoch[46] Batch [300]	Speed: 1468.63 samples/sec	rmse=0.242366
Epoch[46] Batch [350]	Speed: 1532.94 samples/sec	rmse=0.242230
Epoch[46] Batch [400]	Speed: 1488.69 samples/sec	rmse=0.241447
Epoch[46] Batch [450]	Speed: 1525.69 samples/sec	rmse=0.241810
Epoch[46] Batch [500]	Speed: 1496.60 samples/sec	rmse=0.237856
Epoch[46] Batch [550]	Speed: 1506.78 samples/sec	rmse=0.237824
Epoch[46] Train-rmse=0.239202
Epoch[46] Time cost=190.471
Epoch[46] Validation-rmse=0.190389
Epoch[47] Batch [50]	Speed: 1414.67 samples/sec	rmse=0.236805
Epoch[47] Batch [100]	Speed: 1525.86 samples/sec	rmse=0.236949
Epoch[47] Batch [150]	Speed: 1530.59 samples/sec	rmse=0.234755
Epoch[47] Batch [200]	Speed: 1525.82 samples/sec	rmse=0.234088
Epoch[47] Batch [250]	Speed: 1447.72 samples/sec	rmse=0.232607
Epoch[47] Batch [300]	Speed: 1488.13 samples/sec	rmse=0.235441
Epoch[47] Batch [350]	Speed: 1465.87 samples/sec	rmse=0.232691
Epoch[47] Batch [400]	Speed: 1492.47 samples/sec	rmse=0.230102
Epoch[47] Batch [450]	Speed: 1488.62 samples/sec	rmse=0.229093
Epoch[47] Batch [500]	Speed: 1433.68 samples/sec	rmse=0.225603
Epoch[47] Batch [550]	Speed: 1494.36 samples/sec	rmse=0.227433
Epoch[47] Train-rmse=0.222163
Epoch[47] Time cost=193.545
Epoch[47] Validation-rmse=0.224909
Epoch[48] Batch [50]	Speed: 1429.06 samples/sec	rmse=0.225678
Epoch[48] Batch [100]	Speed: 1494.86 samples/sec	rmse=0.224086
Epoch[48] Batch [150]	Speed: 1502.22 samples/sec	rmse=0.224492
Epoch[48] Batch [200]	Speed: 1502.35 samples/sec	rmse=0.222940
Epoch[48] Batch [250]	Speed: 1503.62 samples/sec	rmse=0.221871
Epoch[48] Batch [300]	Speed: 1498.78 samples/sec	rmse=0.220463
Epoch[48] Batch [350]	Speed: 1487.81 samples/sec	rmse=0.218547
Epoch[48] Batch [400]	Speed: 1510.98 samples/sec	rmse=0.218944
Epoch[48] Batch [450]	Speed: 1512.41 samples/sec	rmse=0.215988
Epoch[48] Batch [500]	Speed: 1519.03 samples/sec	rmse=0.217679
Epoch[48] Batch [550]	Speed: 1530.93 samples/sec	rmse=0.212111
Epoch[48] Train-rmse=0.214170
Epoch[48] Time cost=191.378
Epoch[48] Validation-rmse=0.107149
Epoch[49] Batch [50]	Speed: 1509.82 samples/sec	rmse=0.214775
Epoch[49] Batch [100]	Speed: 1487.64 samples/sec	rmse=0.212167
Epoch[49] Batch [150]	Speed: 1490.58 samples/sec	rmse=0.213565
Epoch[49] Batch [200]	Speed: 1487.09 samples/sec	rmse=0.211584
Epoch[49] Batch [250]	Speed: 1447.26 samples/sec	rmse=0.209654
Epoch[49] Batch [300]	Speed: 1472.95 samples/sec	rmse=0.209454
Epoch[49] Batch [350]	Speed: 1485.67 samples/sec	rmse=0.208430
Epoch[49] Batch [400]	Speed: 1523.70 samples/sec	rmse=0.209358
Epoch[49] Batch [450]	Speed: 1464.74 samples/sec	rmse=0.206807
Epoch[49] Batch [500]	Speed: 1474.21 samples/sec	rmse=0.205602
Epoch[49] Batch [550]	Speed: 1472.86 samples/sec	rmse=0.203676
Epoch[49] Train-rmse=0.204077
Epoch[49] Time cost=193.572
Epoch[49] Validation-rmse=0.175365
Epoch[50] Batch [50]	Speed: 1508.91 samples/sec	rmse=0.203052
Epoch[50] Batch [100]	Speed: 1453.46 samples/sec	rmse=0.203054
Epoch[50] Batch [150]	Speed: 1476.20 samples/sec	rmse=0.201820
Epoch[50] Batch [200]	Speed: 1527.12 samples/sec	rmse=0.199968
Epoch[50] Batch [250]	Speed: 1526.32 samples/sec	rmse=0.200151
Epoch[50] Batch [300]	Speed: 1484.70 samples/sec	rmse=0.198801
Epoch[50] Batch [350]	Speed: 1503.36 samples/sec	rmse=0.196704
Epoch[50] Batch [400]	Speed: 1450.18 samples/sec	rmse=0.197300
Epoch[50] Batch [450]	Speed: 1433.14 samples/sec	rmse=0.195531
Epoch[50] Batch [500]	Speed: 1468.24 samples/sec	rmse=0.193127
Epoch[50] Batch [550]	Speed: 1430.01 samples/sec	rmse=0.191798
Epoch[50] Train-rmse=0.193671
Epoch[50] Time cost=194.276
Epoch[50] Validation-rmse=0.186438
Epoch[51] Batch [50]	Speed: 1457.60 samples/sec	rmse=0.192307
Epoch[51] Batch [100]	Speed: 1495.92 samples/sec	rmse=0.190436
Epoch[51] Batch [150]	Speed: 1504.44 samples/sec	rmse=0.189579
Epoch[51] Batch [200]	Speed: 1451.28 samples/sec	rmse=0.189529
Epoch[51] Batch [250]	Speed: 1456.14 samples/sec	rmse=0.187964
Epoch[51] Batch [300]	Speed: 1503.06 samples/sec	rmse=0.184511
Epoch[51] Batch [350]	Speed: 1483.75 samples/sec	rmse=0.185148
Epoch[51] Batch [400]	Speed: 1517.34 samples/sec	rmse=0.184963
Epoch[51] Batch [450]	Speed: 1476.03 samples/sec	rmse=0.183164
Epoch[51] Batch [500]	Speed: 1496.94 samples/sec	rmse=0.182157
Epoch[51] Batch [550]	Speed: 1516.82 samples/sec	rmse=0.181724
Epoch[51] Train-rmse=0.184047
Epoch[51] Time cost=192.869
Epoch[51] Validation-rmse=0.179073
Epoch[52] Batch [50]	Speed: 1522.38 samples/sec	rmse=0.181868
Epoch[52] Batch [100]	Speed: 1504.41 samples/sec	rmse=0.179185
Epoch[52] Batch [150]	Speed: 1438.96 samples/sec	rmse=0.178133
Epoch[52] Batch [200]	Speed: 1500.23 samples/sec	rmse=0.176419
Epoch[52] Batch [250]	Speed: 1503.21 samples/sec	rmse=0.177702
Epoch[52] Batch [300]	Speed: 1462.78 samples/sec	rmse=0.176461
Epoch[52] Batch [350]	Speed: 1474.98 samples/sec	rmse=0.174305
Epoch[52] Batch [400]	Speed: 1470.67 samples/sec	rmse=0.175001
Epoch[52] Batch [450]	Speed: 1456.27 samples/sec	rmse=0.172017
Epoch[52] Batch [500]	Speed: 1523.02 samples/sec	rmse=0.171964
Epoch[52] Batch [550]	Speed: 1534.76 samples/sec	rmse=0.171245
Epoch[52] Train-rmse=0.167931
Epoch[52] Time cost=193.009
Epoch[52] Validation-rmse=0.185930
Epoch[53] Batch [50]	Speed: 1462.32 samples/sec	rmse=0.168561
Epoch[53] Batch [100]	Speed: 1472.28 samples/sec	rmse=0.168340
Epoch[53] Batch [150]	Speed: 1450.69 samples/sec	rmse=0.165843
Epoch[53] Batch [200]	Speed: 1458.38 samples/sec	rmse=0.166409
Epoch[53] Batch [250]	Speed: 1470.27 samples/sec	rmse=0.166221
Epoch[53] Batch [300]	Speed: 1477.47 samples/sec	rmse=0.165470
Epoch[53] Batch [350]	Speed: 1458.78 samples/sec	rmse=0.161983
Epoch[53] Batch [400]	Speed: 1417.00 samples/sec	rmse=0.162989
Epoch[53] Batch [450]	Speed: 1512.20 samples/sec	rmse=0.162117
Epoch[53] Batch [500]	Speed: 1519.03 samples/sec	rmse=0.160036
Epoch[53] Batch [550]	Speed: 1476.72 samples/sec	rmse=0.160027
Epoch[53] Train-rmse=0.158580
Epoch[53] Time cost=195.180
Epoch[53] Validation-rmse=0.185739
Epoch[54] Batch [50]	Speed: 1439.70 samples/sec	rmse=0.159457
Epoch[54] Batch [100]	Speed: 1447.29 samples/sec	rmse=0.156937
Epoch[54] Batch [150]	Speed: 1502.08 samples/sec	rmse=0.155921
Epoch[54] Batch [200]	Speed: 1442.97 samples/sec	rmse=0.154361
Epoch[54] Batch [250]	Speed: 1501.81 samples/sec	rmse=0.152782
Epoch[54] Batch [300]	Speed: 1479.13 samples/sec	rmse=0.152377
Epoch[54] Batch [350]	Speed: 1393.42 samples/sec	rmse=0.151779
Epoch[54] Batch [400]	Speed: 1414.21 samples/sec	rmse=0.152726
Epoch[54] Batch [450]	Speed: 1462.84 samples/sec	rmse=0.149552
Epoch[54] Batch [500]	Speed: 1495.14 samples/sec	rmse=0.149541
Epoch[54] Batch [550]	Speed: 1478.90 samples/sec	rmse=0.148633
Epoch[54] Train-rmse=0.146078
Epoch[54] Time cost=196.792
Epoch[54] Validation-rmse=0.208008
Epoch[55] Batch [50]	Speed: 1511.69 samples/sec	rmse=0.146659
Epoch[55] Batch [100]	Speed: 1502.04 samples/sec	rmse=0.146215
Epoch[55] Batch [150]	Speed: 1469.23 samples/sec	rmse=0.144560
Epoch[55] Batch [200]	Speed: 1444.05 samples/sec	rmse=0.143559
Epoch[55] Batch [250]	Speed: 1500.84 samples/sec	rmse=0.142918
Epoch[55] Batch [300]	Speed: 1491.54 samples/sec	rmse=0.141826
Epoch[55] Batch [350]	Speed: 1478.76 samples/sec	rmse=0.141510
Epoch[55] Batch [400]	Speed: 1512.84 samples/sec	rmse=0.140949
Epoch[55] Batch [450]	Speed: 1489.08 samples/sec	rmse=0.139797
Epoch[55] Batch [500]	Speed: 1482.89 samples/sec	rmse=0.138819
Epoch[55] Batch [550]	Speed: 1474.71 samples/sec	rmse=0.136580
Epoch[55] Train-rmse=0.136352
Epoch[55] Time cost=192.962
Epoch[55] Validation-rmse=0.172650
Epoch[56] Batch [50]	Speed: 1510.96 samples/sec	rmse=0.136167
Epoch[56] Batch [100]	Speed: 1512.02 samples/sec	rmse=0.134592
Epoch[56] Batch [150]	Speed: 1513.61 samples/sec	rmse=0.133305
Epoch[56] Batch [200]	Speed: 1496.06 samples/sec	rmse=0.132818
Epoch[56] Batch [250]	Speed: 1593.01 samples/sec	rmse=0.131534
Epoch[56] Batch [300]	Speed: 1561.77 samples/sec	rmse=0.131433
Epoch[56] Batch [350]	Speed: 1627.73 samples/sec	rmse=0.130048
Epoch[56] Batch [400]	Speed: 1498.85 samples/sec	rmse=0.130151
Epoch[56] Batch [450]	Speed: 1471.76 samples/sec	rmse=0.129029
Epoch[56] Batch [500]	Speed: 1511.32 samples/sec	rmse=0.128082
Epoch[56] Batch [550]	Speed: 1464.70 samples/sec	rmse=0.125958
Epoch[56] Train-rmse=0.126394
Epoch[56] Time cost=188.627
Epoch[56] Validation-rmse=0.189425
Epoch[57] Batch [50]	Speed: 1516.32 samples/sec	rmse=0.124545
Epoch[57] Batch [100]	Speed: 1506.79 samples/sec	rmse=0.125095
Epoch[57] Batch [150]	Speed: 1504.33 samples/sec	rmse=0.124062
Epoch[57] Batch [200]	Speed: 1494.98 samples/sec	rmse=0.121704
Epoch[57] Batch [250]	Speed: 1499.14 samples/sec	rmse=0.121726
Epoch[57] Batch [300]	Speed: 1411.53 samples/sec	rmse=0.119895
Epoch[57] Batch [350]	Speed: 1482.07 samples/sec	rmse=0.119679
Epoch[57] Batch [400]	Speed: 1474.65 samples/sec	rmse=0.118714
Epoch[57] Batch [450]	Speed: 1522.00 samples/sec	rmse=0.118329
Epoch[57] Batch [500]	Speed: 1525.12 samples/sec	rmse=0.117342
Epoch[57] Batch [550]	Speed: 1465.36 samples/sec	rmse=0.115951
Epoch[57] Train-rmse=0.114560
Epoch[57] Time cost=193.049
Epoch[57] Validation-rmse=0.211981
Epoch[58] Batch [50]	Speed: 1465.45 samples/sec	rmse=0.114858
Epoch[58] Batch [100]	Speed: 1539.06 samples/sec	rmse=0.113979
Epoch[58] Batch [150]	Speed: 1501.94 samples/sec	rmse=0.113196
Epoch[58] Batch [200]	Speed: 1492.83 samples/sec	rmse=0.112487
Epoch[58] Batch [250]	Speed: 1531.38 samples/sec	rmse=0.110406
Epoch[58] Batch [300]	Speed: 1493.06 samples/sec	rmse=0.110364
Epoch[58] Batch [350]	Speed: 1491.91 samples/sec	rmse=0.109571
Epoch[58] Batch [400]	Speed: 1496.45 samples/sec	rmse=0.109141
Epoch[58] Batch [450]	Speed: 1509.90 samples/sec	rmse=0.107469
Epoch[58] Batch [500]	Speed: 1482.22 samples/sec	rmse=0.106638
Epoch[58] Batch [550]	Speed: 1501.23 samples/sec	rmse=0.105274
Epoch[58] Train-rmse=0.105321
Epoch[58] Time cost=191.193
Epoch[58] Validation-rmse=0.176868
Epoch[59] Batch [50]	Speed: 1477.28 samples/sec	rmse=0.103690
Epoch[59] Batch [100]	Speed: 1487.42 samples/sec	rmse=0.102430
Epoch[59] Batch [150]	Speed: 1518.35 samples/sec	rmse=0.102597
Epoch[59] Batch [200]	Speed: 1524.20 samples/sec	rmse=0.101914
Epoch[59] Batch [250]	Speed: 1513.25 samples/sec	rmse=0.100670
Epoch[59] Batch [300]	Speed: 1475.48 samples/sec	rmse=0.099138
Epoch[59] Batch [350]	Speed: 1518.94 samples/sec	rmse=0.099156
Epoch[59] Batch [400]	Speed: 1465.86 samples/sec	rmse=0.098115
Epoch[59] Batch [450]	Speed: 1494.94 samples/sec	rmse=0.097096
Epoch[59] Batch [500]	Speed: 1524.00 samples/sec	rmse=0.096628
Epoch[59] Batch [550]	Speed: 1475.17 samples/sec	rmse=0.094782
Epoch[59] Train-rmse=0.095051
Epoch[59] Time cost=191.589
Epoch[59] Validation-rmse=0.180603
Epoch[60] Batch [50]	Speed: 1509.73 samples/sec	rmse=0.094230
Epoch[60] Batch [100]	Speed: 1470.28 samples/sec	rmse=0.092887
Epoch[60] Batch [150]	Speed: 1453.07 samples/sec	rmse=0.092367
Epoch[60] Batch [200]	Speed: 1467.43 samples/sec	rmse=0.091180
Epoch[60] Batch [250]	Speed: 1498.57 samples/sec	rmse=0.090321
Epoch[60] Batch [300]	Speed: 1419.59 samples/sec	rmse=0.089818
Epoch[60] Batch [350]	Speed: 1458.55 samples/sec	rmse=0.089063
Epoch[60] Batch [400]	Speed: 1481.04 samples/sec	rmse=0.087836
Epoch[60] Batch [450]	Speed: 1493.95 samples/sec	rmse=0.086404
Epoch[60] Batch [500]	Speed: 1517.46 samples/sec	rmse=0.085706
Epoch[60] Batch [550]	Speed: 1503.02 samples/sec	rmse=0.085352
Epoch[60] Train-rmse=0.084262
Epoch[60] Time cost=194.021
Epoch[60] Validation-rmse=0.189629
Epoch[61] Batch [50]	Speed: 1510.57 samples/sec	rmse=0.083917
Epoch[61] Batch [100]	Speed: 1516.65 samples/sec	rmse=0.082245
Epoch[61] Batch [150]	Speed: 1459.06 samples/sec	rmse=0.082685
Epoch[61] Batch [200]	Speed: 1503.43 samples/sec	rmse=0.080696
Epoch[61] Batch [250]	Speed: 1461.48 samples/sec	rmse=0.080107
Epoch[61] Batch [300]	Speed: 1560.28 samples/sec	rmse=0.078892
Epoch[61] Batch [350]	Speed: 1461.46 samples/sec	rmse=0.078876
Epoch[61] Batch [400]	Speed: 1528.35 samples/sec	rmse=0.077159
Epoch[61] Batch [450]	Speed: 1513.94 samples/sec	rmse=0.076727
Epoch[61] Batch [500]	Speed: 1483.00 samples/sec	rmse=0.075947
Epoch[61] Batch [550]	Speed: 1448.64 samples/sec	rmse=0.075498
Epoch[61] Train-rmse=0.074294
Epoch[61] Time cost=192.180
Epoch[61] Validation-rmse=0.159638
Epoch[62] Batch [50]	Speed: 1518.34 samples/sec	rmse=0.073942
Epoch[62] Batch [100]	Speed: 1465.40 samples/sec	rmse=0.072984
Epoch[62] Batch [150]	Speed: 1492.89 samples/sec	rmse=0.072052
Epoch[62] Batch [200]	Speed: 1540.20 samples/sec	rmse=0.071159
Epoch[62] Batch [250]	Speed: 1507.17 samples/sec	rmse=0.070046
Epoch[62] Batch [300]	Speed: 1522.03 samples/sec	rmse=0.069778
Epoch[62] Batch [350]	Speed: 1501.81 samples/sec	rmse=0.069049
Epoch[62] Batch [400]	Speed: 1527.92 samples/sec	rmse=0.067796
Epoch[62] Batch [450]	Speed: 1495.34 samples/sec	rmse=0.067465
Epoch[62] Batch [500]	Speed: 1517.67 samples/sec	rmse=0.066682
Epoch[62] Batch [550]	Speed: 1482.28 samples/sec	rmse=0.065315
Epoch[62] Train-rmse=0.065125
Epoch[62] Time cost=190.529
Epoch[62] Validation-rmse=0.187938
Epoch[63] Batch [50]	Speed: 1508.04 samples/sec	rmse=0.064614
Epoch[63] Batch [100]	Speed: 1510.06 samples/sec	rmse=0.063110
Epoch[63] Batch [150]	Speed: 1479.91 samples/sec	rmse=0.063209
Epoch[63] Batch [200]	Speed: 1445.63 samples/sec	rmse=0.061671
Epoch[63] Batch [250]	Speed: 1508.52 samples/sec	rmse=0.060393
Epoch[63] Batch [300]	Speed: 1489.93 samples/sec	rmse=0.060328
Epoch[63] Batch [350]	Speed: 1492.18 samples/sec	rmse=0.059942
Epoch[63] Batch [400]	Speed: 1475.88 samples/sec	rmse=0.058697
Epoch[63] Batch [450]	Speed: 1450.27 samples/sec	rmse=0.057788
Epoch[63] Batch [500]	Speed: 1449.54 samples/sec	rmse=0.057201
Epoch[63] Batch [550]	Speed: 1506.59 samples/sec	rmse=0.056260
Epoch[63] Train-rmse=0.055785
Epoch[63] Time cost=193.767
Epoch[63] Validation-rmse=0.173705
Epoch[64] Batch [50]	Speed: 1499.13 samples/sec	rmse=0.055429
Epoch[64] Batch [100]	Speed: 1488.11 samples/sec	rmse=0.054769
Epoch[64] Batch [150]	Speed: 1485.79 samples/sec	rmse=0.053214
Epoch[64] Batch [200]	Speed: 1522.88 samples/sec	rmse=0.052698
Epoch[64] Batch [250]	Speed: 1498.58 samples/sec	rmse=0.051567
Epoch[64] Batch [300]	Speed: 1499.86 samples/sec	rmse=0.050996
Epoch[64] Batch [350]	Speed: 1500.69 samples/sec	rmse=0.050761
Epoch[64] Batch [400]	Speed: 1488.75 samples/sec	rmse=0.049437
Epoch[64] Batch [450]	Speed: 1484.49 samples/sec	rmse=0.048874
Epoch[64] Batch [500]	Speed: 1487.34 samples/sec	rmse=0.047703
Epoch[64] Batch [550]	Speed: 1499.59 samples/sec	rmse=0.047275
Epoch[64] Train-rmse=0.047130
Epoch[64] Time cost=191.757
Epoch[64] Validation-rmse=0.125731
Epoch[65] Batch [50]	Speed: 1516.30 samples/sec	rmse=0.046261
Epoch[65] Batch [100]	Speed: 1441.29 samples/sec	rmse=0.045656
Epoch[65] Batch [150]	Speed: 1529.85 samples/sec	rmse=0.044592
Epoch[65] Batch [200]	Speed: 1513.67 samples/sec	rmse=0.043886
Epoch[65] Batch [250]	Speed: 1488.76 samples/sec	rmse=0.043032
Epoch[65] Batch [300]	Speed: 1486.94 samples/sec	rmse=0.042280
Epoch[65] Batch [350]	Speed: 1439.26 samples/sec	rmse=0.041682
Epoch[65] Batch [400]	Speed: 1446.41 samples/sec	rmse=0.040893
Epoch[65] Batch [450]	Speed: 1465.81 samples/sec	rmse=0.040301
Epoch[65] Batch [500]	Speed: 1448.04 samples/sec	rmse=0.038972
Epoch[65] Batch [550]	Speed: 1497.93 samples/sec	rmse=0.038939
Epoch[65] Train-rmse=0.038384
Epoch[65] Time cost=194.047
Epoch[65] Validation-rmse=0.156177
Epoch[66] Batch [50]	Speed: 1524.78 samples/sec	rmse=0.037609
Epoch[66] Batch [100]	Speed: 1429.44 samples/sec	rmse=0.036969
Epoch[66] Batch [150]	Speed: 1521.14 samples/sec	rmse=0.036177
Epoch[66] Batch [200]	Speed: 1478.69 samples/sec	rmse=0.035505
Epoch[66] Batch [250]	Speed: 1524.29 samples/sec	rmse=0.035030
Epoch[66] Batch [300]	Speed: 1498.41 samples/sec	rmse=0.034186
Epoch[66] Batch [350]	Speed: 1506.06 samples/sec	rmse=0.033295
Epoch[66] Batch [400]	Speed: 1478.27 samples/sec	rmse=0.032831
Epoch[66] Batch [450]	Speed: 1469.19 samples/sec	rmse=0.032184
Epoch[66] Batch [500]	Speed: 1522.60 samples/sec	rmse=0.031312
Epoch[66] Batch [550]	Speed: 1495.64 samples/sec	rmse=0.030734
Epoch[66] Train-rmse=0.030382
Epoch[66] Time cost=192.065
Epoch[66] Validation-rmse=0.153581
Epoch[67] Batch [50]	Speed: 1509.20 samples/sec	rmse=0.029676
Epoch[67] Batch [100]	Speed: 1514.41 samples/sec	rmse=0.029454
Epoch[67] Batch [150]	Speed: 1519.48 samples/sec	rmse=0.028575
Epoch[67] Batch [200]	Speed: 1463.42 samples/sec	rmse=0.027791
Epoch[67] Batch [250]	Speed: 1523.61 samples/sec	rmse=0.027226
Epoch[67] Batch [300]	Speed: 1513.22 samples/sec	rmse=0.026717
Epoch[67] Batch [350]	Speed: 1520.52 samples/sec	rmse=0.026014
Epoch[67] Batch [400]	Speed: 1477.08 samples/sec	rmse=0.025558
Epoch[67] Batch [450]	Speed: 1488.17 samples/sec	rmse=0.025014
Epoch[67] Batch [500]	Speed: 1501.49 samples/sec	rmse=0.024432
Epoch[67] Batch [550]	Speed: 1515.49 samples/sec	rmse=0.023688
Epoch[67] Train-rmse=0.023547
Epoch[67] Time cost=190.669
Epoch[67] Validation-rmse=0.167271
Epoch[68] Batch [50]	Speed: 1503.92 samples/sec	rmse=0.022778
Epoch[68] Batch [100]	Speed: 1564.19 samples/sec	rmse=0.022618
Epoch[68] Batch [150]	Speed: 1497.25 samples/sec	rmse=0.021798
Epoch[68] Batch [200]	Speed: 1498.48 samples/sec	rmse=0.021164
Epoch[68] Batch [250]	Speed: 1445.84 samples/sec	rmse=0.020871
Epoch[68] Batch [300]	Speed: 1511.07 samples/sec	rmse=0.020037
Epoch[68] Batch [350]	Speed: 1515.32 samples/sec	rmse=0.019593
Epoch[68] Batch [400]	Speed: 1497.80 samples/sec	rmse=0.019167
Epoch[68] Batch [450]	Speed: 1520.41 samples/sec	rmse=0.018540
Epoch[68] Batch [500]	Speed: 1511.30 samples/sec	rmse=0.017806
Epoch[68] Batch [550]	Speed: 1466.48 samples/sec	rmse=0.017583
Epoch[68] Train-rmse=0.017194
Epoch[68] Time cost=191.439
Epoch[68] Validation-rmse=0.159422
Epoch[69] Batch [50]	Speed: 1489.24 samples/sec	rmse=0.016690
Epoch[69] Batch [100]	Speed: 1471.23 samples/sec	rmse=0.016255
Epoch[69] Batch [150]	Speed: 1459.38 samples/sec	rmse=0.015671
Epoch[69] Batch [200]	Speed: 1452.00 samples/sec	rmse=0.015278
Epoch[69] Batch [250]	Speed: 1497.82 samples/sec	rmse=0.014705
Epoch[69] Batch [300]	Speed: 1470.92 samples/sec	rmse=0.014330
Epoch[69] Batch [350]	Speed: 1445.81 samples/sec	rmse=0.013871
Epoch[69] Batch [400]	Speed: 1467.01 samples/sec	rmse=0.013419
Epoch[69] Batch [450]	Speed: 1461.07 samples/sec	rmse=0.012889
Epoch[69] Batch [500]	Speed: 1504.67 samples/sec	rmse=0.012501
Epoch[69] Batch [550]	Speed: 1533.68 samples/sec	rmse=0.012111
Epoch[69] Train-rmse=0.011766
Epoch[69] Time cost=194.093
Epoch[69] Validation-rmse=0.149246
Epoch[70] Batch [50]	Speed: 1518.50 samples/sec	rmse=0.011439
Epoch[70] Batch [100]	Speed: 1517.63 samples/sec	rmse=0.010971
Epoch[70] Batch [150]	Speed: 1517.53 samples/sec	rmse=0.010632
Epoch[70] Batch [200]	Speed: 1513.82 samples/sec	rmse=0.010249
Epoch[70] Batch [250]	Speed: 1509.40 samples/sec	rmse=0.009878
Epoch[70] Batch [300]	Speed: 1493.70 samples/sec	rmse=0.009564
Epoch[70] Batch [350]	Speed: 1467.86 samples/sec	rmse=0.009059
Epoch[70] Batch [400]	Speed: 1561.11 samples/sec	rmse=0.008857
Epoch[70] Batch [450]	Speed: 1500.72 samples/sec	rmse=0.008336
Epoch[70] Batch [500]	Speed: 1495.57 samples/sec	rmse=0.008082
Epoch[70] Batch [550]	Speed: 1491.97 samples/sec	rmse=0.007700
Epoch[70] Train-rmse=0.007479
Epoch[70] Time cost=190.391
Epoch[70] Validation-rmse=0.152997
Epoch[71] Batch [50]	Speed: 1495.61 samples/sec	rmse=0.007262
Epoch[71] Batch [100]	Speed: 1520.16 samples/sec	rmse=0.007026
Epoch[71] Batch [150]	Speed: 1532.08 samples/sec	rmse=0.006601
Epoch[71] Batch [200]	Speed: 1468.21 samples/sec	rmse=0.006286
Epoch[71] Batch [250]	Speed: 1503.63 samples/sec	rmse=0.006073
Epoch[71] Batch [300]	Speed: 1492.07 samples/sec	rmse=0.005804
Epoch[71] Batch [350]	Speed: 1498.82 samples/sec	rmse=0.005468
Epoch[71] Batch [400]	Speed: 1510.94 samples/sec	rmse=0.005234
Epoch[71] Batch [450]	Speed: 1450.23 samples/sec	rmse=0.004943
Epoch[71] Batch [500]	Speed: 1491.28 samples/sec	rmse=0.004715
Epoch[71] Batch [550]	Speed: 1459.26 samples/sec	rmse=0.004463
Epoch[71] Train-rmse=0.004329
Epoch[71] Time cost=192.319
Epoch[71] Validation-rmse=0.159900
Epoch[72] Batch [50]	Speed: 1505.76 samples/sec	rmse=0.004133
Epoch[72] Batch [100]	Speed: 1445.47 samples/sec	rmse=0.003903
Epoch[72] Batch [150]	Speed: 1499.73 samples/sec	rmse=0.003765
Epoch[72] Batch [200]	Speed: 1494.84 samples/sec	rmse=0.003493
Epoch[72] Batch [250]	Speed: 1506.84 samples/sec	rmse=0.003326
Epoch[72] Batch [300]	Speed: 1476.17 samples/sec	rmse=0.003116
Epoch[72] Batch [350]	Speed: 1474.13 samples/sec	rmse=0.002965
Epoch[72] Batch [400]	Speed: 1532.14 samples/sec	rmse=0.002762
Epoch[72] Batch [450]	Speed: 1512.75 samples/sec	rmse=0.002622
Epoch[72] Batch [500]	Speed: 1485.64 samples/sec	rmse=0.002463
Epoch[72] Batch [550]	Speed: 1472.25 samples/sec	rmse=0.002270
Epoch[72] Train-rmse=0.002220
Epoch[72] Time cost=192.775
Epoch[72] Validation-rmse=0.173066
Epoch[73] Batch [50]	Speed: 1541.59 samples/sec	rmse=0.002075
Epoch[73] Batch [100]	Speed: 1500.40 samples/sec	rmse=0.001952
Epoch[73] Batch [150]	Speed: 1477.26 samples/sec	rmse=0.001825
Epoch[73] Batch [200]	Speed: 1492.74 samples/sec	rmse=0.001716
Epoch[73] Batch [250]	Speed: 1553.19 samples/sec	rmse=0.001579
Epoch[73] Batch [300]	Speed: 1419.54 samples/sec	rmse=0.001511
Epoch[73] Batch [350]	Speed: 1456.81 samples/sec	rmse=0.001383
Epoch[73] Batch [400]	Speed: 1472.70 samples/sec	rmse=0.001306
Epoch[73] Batch [450]	Speed: 1536.92 samples/sec	rmse=0.001217
Epoch[73] Batch [500]	Speed: 1538.32 samples/sec	rmse=0.001135
Epoch[73] Batch [550]	Speed: 1526.58 samples/sec	rmse=0.001048
Epoch[73] Train-rmse=0.000996
Epoch[73] Time cost=191.263
Epoch[73] Validation-rmse=0.180861
Epoch[74] Batch [50]	Speed: 1483.22 samples/sec	rmse=0.000954
Epoch[74] Batch [100]	Speed: 1518.77 samples/sec	rmse=0.000903
Epoch[74] Batch [150]	Speed: 1487.05 samples/sec	rmse=0.000830
Epoch[74] Batch [200]	Speed: 1487.14 samples/sec	rmse=0.000789
Epoch[74] Batch [250]	Speed: 1512.19 samples/sec	rmse=0.000748
Epoch[74] Batch [300]	Speed: 1493.58 samples/sec	rmse=0.000698
Epoch[74] Batch [350]	Speed: 1455.91 samples/sec	rmse=0.000666
Epoch[74] Batch [400]	Speed: 1449.20 samples/sec	rmse=0.000628
Epoch[74] Batch [450]	Speed: 1504.67 samples/sec	rmse=0.000613
Epoch[74] Batch [500]	Speed: 1523.79 samples/sec	rmse=0.000576
Epoch[74] Batch [550]	Speed: 1486.83 samples/sec	rmse=0.000556
Epoch[74] Train-rmse=0.000534
Epoch[74] Time cost=192.782
Epoch[74] Validation-rmse=0.181369
Epoch[75] Batch [50]	Speed: 1526.82 samples/sec	rmse=0.000523
Epoch[75] Batch [100]	Speed: 1463.59 samples/sec	rmse=0.000504
Epoch[75] Batch [150]	Speed: 1512.03 samples/sec	rmse=0.000484
Epoch[75] Batch [200]	Speed: 1510.60 samples/sec	rmse=0.000471
Epoch[75] Batch [250]	Speed: 1495.21 samples/sec	rmse=0.000461
Epoch[75] Batch [300]	Speed: 1485.96 samples/sec	rmse=0.000450
Epoch[75] Batch [350]	Speed: 1497.63 samples/sec	rmse=0.000441
Epoch[75] Batch [400]	Speed: 1519.14 samples/sec	rmse=0.000434
Epoch[75] Batch [450]	Speed: 1511.98 samples/sec	rmse=0.000422
Epoch[75] Batch [500]	Speed: 1476.56 samples/sec	rmse=0.000412
Epoch[75] Batch [550]	Speed: 1529.42 samples/sec	rmse=0.000402
Epoch[75] Train-rmse=0.000401
Epoch[75] Time cost=190.975
Epoch[75] Validation-rmse=0.181751
Epoch[76] Batch [50]	Speed: 1499.21 samples/sec	rmse=0.000392
Epoch[76] Batch [100]	Speed: 1498.80 samples/sec	rmse=0.000382
Epoch[76] Batch [150]	Speed: 1526.71 samples/sec	rmse=0.000370
Epoch[76] Batch [200]	Speed: 1471.58 samples/sec	rmse=0.000368
Epoch[76] Batch [250]	Speed: 1528.40 samples/sec	rmse=0.000367
Epoch[76] Batch [300]	Speed: 1444.40 samples/sec	rmse=0.000353
Epoch[76] Batch [350]	Speed: 1460.11 samples/sec	rmse=0.000344
Epoch[76] Batch [400]	Speed: 1474.75 samples/sec	rmse=0.000342
Epoch[76] Batch [450]	Speed: 1526.43 samples/sec	rmse=0.000330
Epoch[76] Batch [500]	Speed: 1512.01 samples/sec	rmse=0.000323
Epoch[76] Batch [550]	Speed: 1506.91 samples/sec	rmse=0.000326
Epoch[76] Train-rmse=0.000319
Epoch[76] Time cost=191.895
Epoch[76] Validation-rmse=0.181222
Epoch[77] Batch [50]	Speed: 1549.45 samples/sec	rmse=0.000309
Epoch[77] Batch [100]	Speed: 1606.03 samples/sec	rmse=0.000302
Epoch[77] Batch [150]	Speed: 1527.49 samples/sec	rmse=0.000292
Epoch[77] Batch [200]	Speed: 1503.07 samples/sec	rmse=0.000302
Epoch[77] Batch [250]	Speed: 1500.06 samples/sec	rmse=0.000309
Epoch[77] Batch [300]	Speed: 1552.53 samples/sec	rmse=0.000308
Epoch[77] Batch [350]	Speed: 1561.99 samples/sec	rmse=0.000297
Epoch[77] Batch [400]	Speed: 1458.21 samples/sec	rmse=0.000285
Epoch[77] Batch [450]	Speed: 1478.19 samples/sec	rmse=0.000265
Epoch[77] Batch [500]	Speed: 1489.53 samples/sec	rmse=0.000299
Epoch[77] Batch [550]	Speed: 1528.06 samples/sec	rmse=0.000259
Epoch[77] Train-rmse=0.000258
Epoch[77] Time cost=188.818
Epoch[77] Validation-rmse=0.180792
Epoch[78] Batch [50]	Speed: 1534.99 samples/sec	rmse=0.000283
Epoch[78] Batch [100]	Speed: 1515.16 samples/sec	rmse=0.000248
Epoch[78] Batch [150]	Speed: 1497.98 samples/sec	rmse=0.000258
Epoch[78] Batch [200]	Speed: 1454.73 samples/sec	rmse=0.000258
Epoch[78] Batch [250]	Speed: 1457.32 samples/sec	rmse=0.000260
Epoch[78] Batch [300]	Speed: 1449.12 samples/sec	rmse=0.000234
Epoch[78] Batch [350]	Speed: 1515.84 samples/sec	rmse=0.000278
Epoch[78] Batch [400]	Speed: 1495.52 samples/sec	rmse=0.000271
Epoch[78] Batch [450]	Speed: 1515.39 samples/sec	rmse=0.000239
Epoch[78] Batch [500]	Speed: 1515.19 samples/sec	rmse=0.000233
Epoch[78] Batch [550]	Speed: 1555.98 samples/sec	rmse=0.000264
Epoch[78] Train-rmse=0.000222
Epoch[78] Time cost=190.961
Epoch[78] Validation-rmse=0.178988
Epoch[79] Batch [50]	Speed: 1529.43 samples/sec	rmse=0.000337
Epoch[79] Batch [100]	Speed: 1523.31 samples/sec	rmse=0.000264
Epoch[79] Batch [150]	Speed: 1526.43 samples/sec	rmse=0.000271
Epoch[79] Batch [200]	Speed: 1525.51 samples/sec	rmse=0.000199
Epoch[79] Batch [250]	Speed: 1507.28 samples/sec	rmse=0.000324
Epoch[79] Batch [300]	Speed: 1505.03 samples/sec	rmse=0.000259
Epoch[79] Batch [350]	Speed: 1533.51 samples/sec	rmse=0.000333
Epoch[79] Batch [400]	Speed: 1520.26 samples/sec	rmse=0.000241
Epoch[79] Batch [450]	Speed: 1508.25 samples/sec	rmse=0.000206
Epoch[79] Batch [500]	Speed: 1508.48 samples/sec	rmse=0.000316
Epoch[79] Batch [550]	Speed: 1500.44 samples/sec	rmse=0.000236
Epoch[79] Train-rmse=0.000326
Epoch[79] Time cost=189.094
Epoch[79] Validation-rmse=0.180259
Already bound, ignoring bind()
optimizer already initialized, ignoring...
Epoch[0] Batch [50]	Speed: 1114.87 samples/sec	rmse=12.666428
Epoch[0] Batch [100]	Speed: 1211.34 samples/sec	rmse=11.847333
Epoch[0] Batch [150]	Speed: 1140.17 samples/sec	rmse=9.640115
Epoch[0] Batch [200]	Speed: 1238.03 samples/sec	rmse=6.783233
Epoch[0] Batch [250]	Speed: 1230.60 samples/sec	rmse=4.149896
Epoch[0] Batch [300]	Speed: 1244.79 samples/sec	rmse=2.770704
Epoch[0] Batch [350]	Speed: 1236.78 samples/sec	rmse=2.783901
Epoch[0] Batch [400]	Speed: 1178.78 samples/sec	rmse=2.826980
Epoch[0] Batch [450]	Speed: 1307.47 samples/sec	rmse=2.696503
Epoch[0] Batch [500]	Speed: 1316.15 samples/sec	rmse=2.419129
Epoch[0] Batch [550]	Speed: 1123.13 samples/sec	rmse=2.155675
Epoch[0] Train-rmse=2.925407
Epoch[0] Time cost=237.567
Epoch[0] Validation-rmse=2.506653
Epoch[1] Batch [50]	Speed: 1277.94 samples/sec	rmse=2.130629
Epoch[1] Batch [100]	Speed: 1321.47 samples/sec	rmse=1.999894
Epoch[1] Batch [150]	Speed: 1253.94 samples/sec	rmse=1.961473
Epoch[1] Batch [200]	Speed: 1277.75 samples/sec	rmse=1.911447
Epoch[1] Batch [250]	Speed: 1274.65 samples/sec	rmse=1.898125
Epoch[1] Batch [300]	Speed: 1245.94 samples/sec	rmse=1.824864
Epoch[1] Batch [350]	Speed: 1260.07 samples/sec	rmse=1.801309
Epoch[1] Batch [400]	Speed: 1299.94 samples/sec	rmse=1.870632
Epoch[1] Batch [450]	Speed: 1255.17 samples/sec	rmse=1.861339
Epoch[1] Batch [500]	Speed: 1267.97 samples/sec	rmse=1.848639
Epoch[1] Batch [550]	Speed: 1265.00 samples/sec	rmse=1.851669
Epoch[1] Train-rmse=1.847366
Epoch[1] Time cost=225.759
Epoch[1] Validation-rmse=1.712953
Epoch[2] Batch [50]	Speed: 1184.36 samples/sec	rmse=1.569630
Epoch[2] Batch [100]	Speed: 1263.36 samples/sec	rmse=1.711182
Epoch[2] Batch [150]	Speed: 1225.67 samples/sec	rmse=1.749933
Epoch[2] Batch [200]	Speed: 1293.97 samples/sec	rmse=1.718708
Epoch[2] Batch [250]	Speed: 1228.88 samples/sec	rmse=1.706780
Epoch[2] Batch [300]	Speed: 1233.75 samples/sec	rmse=1.716458
Epoch[2] Batch [350]	Speed: 1250.19 samples/sec	rmse=1.715608
Epoch[2] Batch [400]	Speed: 1227.73 samples/sec	rmse=1.721824
Epoch[2] Batch [450]	Speed: 1279.30 samples/sec	rmse=1.726151
Epoch[2] Batch [500]	Speed: 1265.89 samples/sec	rmse=1.717708
Epoch[2] Batch [550]	Speed: 1308.35 samples/sec	rmse=1.719577
Epoch[2] Train-rmse=1.705443
Epoch[2] Time cost=229.698
Epoch[2] Validation-rmse=1.620974
Epoch[3] Batch [50]	Speed: 1258.05 samples/sec	rmse=1.455870
Epoch[3] Batch [100]	Speed: 1250.20 samples/sec	rmse=1.567672
Epoch[3] Batch [150]	Speed: 1321.51 samples/sec	rmse=1.608703
Epoch[3] Batch [200]	Speed: 1297.97 samples/sec	rmse=1.615869
Epoch[3] Batch [250]	Speed: 1292.36 samples/sec	rmse=1.635359
Epoch[3] Batch [300]	Speed: 1265.13 samples/sec	rmse=1.628826
Epoch[3] Batch [350]	Speed: 1258.07 samples/sec	rmse=1.633019
Epoch[3] Batch [400]	Speed: 1267.48 samples/sec	rmse=1.635492
Epoch[3] Batch [450]	Speed: 1292.16 samples/sec	rmse=1.652736
Epoch[3] Batch [500]	Speed: 1282.46 samples/sec	rmse=1.664187
Epoch[3] Batch [550]	Speed: 1247.40 samples/sec	rmse=1.659892
Epoch[3] Train-rmse=1.657379
Epoch[3] Time cost=225.036
Epoch[3] Validation-rmse=1.565482
Epoch[4] Batch [50]	Speed: 1272.06 samples/sec	rmse=1.373893
Epoch[4] Batch [100]	Speed: 1227.92 samples/sec	rmse=1.449605
Epoch[4] Batch [150]	Speed: 1285.26 samples/sec	rmse=1.516999
Epoch[4] Batch [200]	Speed: 1273.75 samples/sec	rmse=1.544555
Epoch[4] Batch [250]	Speed: 1209.31 samples/sec	rmse=1.531252
Epoch[4] Batch [300]	Speed: 1309.50 samples/sec	rmse=1.563951
Epoch[4] Batch [350]	Speed: 1341.00 samples/sec	rmse=1.547322
Epoch[4] Batch [400]	Speed: 1245.51 samples/sec	rmse=1.563641
Epoch[4] Batch [450]	Speed: 1328.68 samples/sec	rmse=1.573503
Epoch[4] Batch [500]	Speed: 1265.09 samples/sec	rmse=1.593184
Epoch[4] Batch [550]	Speed: 1286.63 samples/sec	rmse=1.576106
Epoch[4] Train-rmse=1.573494
Epoch[4] Time cost=224.472
Epoch[4] Validation-rmse=1.465282
Epoch[5] Batch [50]	Speed: 1253.24 samples/sec	rmse=1.354508
Epoch[5] Batch [100]	Speed: 1274.75 samples/sec	rmse=1.364879
Epoch[5] Batch [150]	Speed: 1319.06 samples/sec	rmse=1.394323
Epoch[5] Batch [200]	Speed: 1178.06 samples/sec	rmse=1.444381
Epoch[5] Batch [250]	Speed: 1320.88 samples/sec	rmse=1.471761
Epoch[5] Batch [300]	Speed: 1324.28 samples/sec	rmse=1.455909
Epoch[5] Batch [350]	Speed: 1319.57 samples/sec	rmse=1.477275
Epoch[5] Batch [400]	Speed: 1339.63 samples/sec	rmse=1.467835
Epoch[5] Batch [450]	Speed: 1281.31 samples/sec	rmse=1.515109
Epoch[5] Batch [500]	Speed: 1310.04 samples/sec	rmse=1.513047
Epoch[5] Batch [550]	Speed: 1293.09 samples/sec	rmse=1.517983
Epoch[5] Train-rmse=1.491967
Epoch[5] Time cost=221.900
Epoch[5] Validation-rmse=1.410255
Epoch[6] Batch [50]	Speed: 1241.04 samples/sec	rmse=1.239230
Epoch[6] Batch [100]	Speed: 1299.20 samples/sec	rmse=1.246809
Epoch[6] Batch [150]	Speed: 1226.78 samples/sec	rmse=1.290053
Epoch[6] Batch [200]	Speed: 1256.56 samples/sec	rmse=1.286933
Epoch[6] Batch [250]	Speed: 1298.90 samples/sec	rmse=1.338365
Epoch[6] Batch [300]	Speed: 1177.34 samples/sec	rmse=1.356362
Epoch[6] Batch [350]	Speed: 1263.58 samples/sec	rmse=1.357021
Epoch[6] Batch [400]	Speed: 1339.25 samples/sec	rmse=1.370768
Epoch[6] Batch [450]	Speed: 1359.86 samples/sec	rmse=1.383899
Epoch[6] Batch [500]	Speed: 1314.92 samples/sec	rmse=1.389690
Epoch[6] Batch [550]	Speed: 1356.53 samples/sec	rmse=1.404315
Epoch[6] Train-rmse=1.401615
Epoch[6] Time cost=223.212
Epoch[6] Validation-rmse=1.314728
Epoch[7] Batch [50]	Speed: 1414.49 samples/sec	rmse=0.992099
Epoch[7] Batch [100]	Speed: 1394.61 samples/sec	rmse=1.102660
Epoch[7] Batch [150]	Speed: 1319.35 samples/sec	rmse=1.145416
Epoch[7] Batch [200]	Speed: 1287.50 samples/sec	rmse=1.170768
Epoch[7] Batch [250]	Speed: 1350.55 samples/sec	rmse=1.193635
Epoch[7] Batch [300]	Speed: 1270.90 samples/sec	rmse=1.229038
Epoch[7] Batch [350]	Speed: 1296.05 samples/sec	rmse=1.244538
Epoch[7] Batch [400]	Speed: 1279.15 samples/sec	rmse=1.243697
Epoch[7] Batch [450]	Speed: 1277.42 samples/sec	rmse=1.262815
Epoch[7] Batch [500]	Speed: 1325.19 samples/sec	rmse=1.264925
Epoch[7] Batch [550]	Speed: 1308.52 samples/sec	rmse=1.283125
Epoch[7] Train-rmse=1.319668
Epoch[7] Time cost=217.628
Epoch[7] Validation-rmse=1.260949
Epoch[8] Batch [50]	Speed: 1380.19 samples/sec	rmse=0.869464
Epoch[8] Batch [100]	Speed: 1329.75 samples/sec	rmse=0.964423
Epoch[8] Batch [150]	Speed: 1371.00 samples/sec	rmse=1.031127
Epoch[8] Batch [200]	Speed: 1405.95 samples/sec	rmse=1.058736
Epoch[8] Batch [250]	Speed: 1399.32 samples/sec	rmse=1.088089
Epoch[8] Batch [300]	Speed: 1310.51 samples/sec	rmse=1.115073
Epoch[8] Batch [350]	Speed: 1371.20 samples/sec	rmse=1.112063
